{"/Users/sathvikreddy/Documents/projects/sports/frontend/src/components/CreatePostForm.tsx": {"path":"/Users/sathvikreddy/Documents/projects/sports/frontend/src/components/CreatePostForm.tsx","statementMap":{"0":{"start":{"line":6,"column":13},"end":{"line":184,"column":null}},"1":{"start":{"line":7,"column":18},"end":{"line":7,"column":null}},"2":{"start":{"line":8,"column":19},"end":{"line":8,"column":null}},"3":{"start":{"line":9,"column":19},"end":{"line":9,"column":null}},"4":{"start":{"line":10,"column":19},"end":{"line":10,"column":null}},"5":{"start":{"line":11,"column":20},"end":{"line":11,"column":null}},"6":{"start":{"line":12,"column":15},"end":{"line":12,"column":null}},"7":{"start":{"line":13,"column":19},"end":{"line":13,"column":null}},"8":{"start":{"line":14,"column":21},"end":{"line":14,"column":null}},"9":{"start":{"line":15,"column":21},"end":{"line":15,"column":null}},"10":{"start":{"line":16,"column":8},"end":{"line":16,"column":null}},"11":{"start":{"line":18,"column":8},"end":{"line":23,"column":null}},"12":{"start":{"line":19,"column":4},"end":{"line":21,"column":null}},"13":{"start":{"line":20,"column":6},"end":{"line":20,"column":null}},"14":{"start":{"line":22,"column":4},"end":{"line":22,"column":null}},"15":{"start":{"line":25,"column":8},"end":{"line":48,"column":null}},"16":{"start":{"line":26,"column":4},"end":{"line":26,"column":null}},"17":{"start":{"line":26,"column":32},"end":{"line":26,"column":null}},"18":{"start":{"line":27,"column":4},"end":{"line":27,"column":null}},"19":{"start":{"line":28,"column":4},"end":{"line":47,"column":null}},"20":{"start":{"line":29,"column":18},"end":{"line":29,"column":null}},"21":{"start":{"line":30,"column":18},"end":{"line":30,"column":null}},"22":{"start":{"line":31,"column":6},"end":{"line":31,"column":null}},"23":{"start":{"line":32,"column":6},"end":{"line":32,"column":null}},"24":{"start":{"line":33,"column":6},"end":{"line":43,"column":null}},"25":{"start":{"line":34,"column":20},"end":{"line":34,"column":null}},"26":{"start":{"line":35,"column":21},"end":{"line":35,"column":null}},"27":{"start":{"line":36,"column":8},"end":{"line":38,"column":null}},"28":{"start":{"line":37,"column":10},"end":{"line":37,"column":null}},"29":{"start":{"line":40,"column":8},"end":{"line":40,"column":null}},"30":{"start":{"line":42,"column":8},"end":{"line":42,"column":null}},"31":{"start":{"line":45,"column":6},"end":{"line":45,"column":null}},"32":{"start":{"line":46,"column":6},"end":{"line":46,"column":null}},"33":{"start":{"line":50,"column":8},"end":{"line":68,"column":null}},"34":{"start":{"line":51,"column":4},"end":{"line":51,"column":null}},"35":{"start":{"line":52,"column":4},"end":{"line":52,"column":null}},"36":{"start":{"line":52,"column":25},"end":{"line":52,"column":null}},"37":{"start":{"line":54,"column":4},"end":{"line":67,"column":null}},"38":{"start":{"line":58,"column":10},"end":{"line":58,"column":null}},"39":{"start":{"line":59,"column":10},"end":{"line":59,"column":null}},"40":{"start":{"line":60,"column":10},"end":{"line":60,"column":null}},"41":{"start":{"line":61,"column":10},"end":{"line":61,"column":null}},"42":{"start":{"line":62,"column":10},"end":{"line":62,"column":null}},"43":{"start":{"line":63,"column":10},"end":{"line":63,"column":null}},"44":{"start":{"line":65,"column":31},"end":{"line":65,"column":null}},"45":{"start":{"line":70,"column":2},"end":{"line":182,"column":null}},"46":{"start":{"line":78,"column":27},"end":{"line":78,"column":null}},"47":{"start":{"line":79,"column":25},"end":{"line":79,"column":null}},"48":{"start":{"line":97,"column":35},"end":{"line":97,"column":null}},"49":{"start":{"line":118,"column":37},"end":{"line":118,"column":null}},"50":{"start":{"line":120,"column":24},"end":{"line":123,"column":null}},"51":{"start":{"line":121,"column":26},"end":{"line":121,"column":null}},"52":{"start":{"line":122,"column":26},"end":{"line":122,"column":null}},"53":{"start":{"line":128,"column":37},"end":{"line":128,"column":null}},"54":{"start":{"line":142,"column":24},"end":{"line":145,"column":null}},"55":{"start":{"line":144,"column":63},"end":{"line":144,"column":101}},"56":{"start":{"line":144,"column":88},"end":{"line":144,"column":97}},"57":{"start":{"line":159,"column":31},"end":{"line":159,"column":null}}},"fnMap":{"0":{"name":"(anonymous_0)","decl":{"start":{"line":6,"column":13},"end":{"line":6,"column":36}},"loc":{"start":{"line":6,"column":36},"end":{"line":184,"column":null}},"line":6},"1":{"name":"(anonymous_1)","decl":{"start":{"line":18,"column":8},"end":{"line":18,"column":24}},"loc":{"start":{"line":18,"column":40},"end":{"line":23,"column":null}},"line":18},"2":{"name":"(anonymous_2)","decl":{"start":{"line":25,"column":8},"end":{"line":25,"column":34}},"loc":{"start":{"line":25,"column":34},"end":{"line":48,"column":null}},"line":25},"3":{"name":"(anonymous_3)","decl":{"start":{"line":28,"column":45},"end":{"line":28,"column":52}},"loc":{"start":{"line":28,"column":65},"end":{"line":44,"column":13}},"line":28},"4":{"name":"(anonymous_4)","decl":{"start":{"line":44,"column":4},"end":{"line":44,"column":13}},"loc":{"start":{"line":44,"column":13},"end":{"line":47,"column":5}},"line":44},"5":{"name":"(anonymous_5)","decl":{"start":{"line":50,"column":8},"end":{"line":50,"column":24}},"loc":{"start":{"line":50,"column":47},"end":{"line":68,"column":null}},"line":50},"6":{"name":"(anonymous_6)","decl":{"start":{"line":57,"column":8},"end":{"line":57,"column":25}},"loc":{"start":{"line":57,"column":25},"end":{"line":64,"column":null}},"line":57},"7":{"name":"(anonymous_7)","decl":{"start":{"line":65,"column":8},"end":{"line":65,"column":18}},"loc":{"start":{"line":65,"column":31},"end":{"line":65,"column":null}},"line":65},"8":{"name":"(anonymous_8)","decl":{"start":{"line":78,"column":10},"end":{"line":78,"column":21}},"loc":{"start":{"line":78,"column":27},"end":{"line":78,"column":null}},"line":78},"9":{"name":"(anonymous_9)","decl":{"start":{"line":79,"column":10},"end":{"line":79,"column":25}},"loc":{"start":{"line":79,"column":25},"end":{"line":79,"column":null}},"line":79},"10":{"name":"(anonymous_10)","decl":{"start":{"line":97,"column":20},"end":{"line":97,"column":30}},"loc":{"start":{"line":97,"column":35},"end":{"line":97,"column":null}},"line":97},"11":{"name":"(anonymous_11)","decl":{"start":{"line":118,"column":22},"end":{"line":118,"column":32}},"loc":{"start":{"line":118,"column":37},"end":{"line":118,"column":null}},"line":118},"12":{"name":"(anonymous_12)","decl":{"start":{"line":119,"column":22},"end":{"line":119,"column":33}},"loc":{"start":{"line":119,"column":38},"end":{"line":124,"column":null}},"line":119},"13":{"name":"(anonymous_13)","decl":{"start":{"line":128,"column":22},"end":{"line":128,"column":32}},"loc":{"start":{"line":128,"column":37},"end":{"line":128,"column":null}},"line":128},"14":{"name":"(anonymous_14)","decl":{"start":{"line":141,"column":28},"end":{"line":141,"column":32}},"loc":{"start":{"line":142,"column":24},"end":{"line":145,"column":null}},"line":142},"15":{"name":"(anonymous_15)","decl":{"start":{"line":144,"column":48},"end":{"line":144,"column":63}},"loc":{"start":{"line":144,"column":63},"end":{"line":144,"column":101}},"line":144},"16":{"name":"(anonymous_16)","decl":{"start":{"line":144,"column":76},"end":{"line":144,"column":83}},"loc":{"start":{"line":144,"column":88},"end":{"line":144,"column":97}},"line":144},"17":{"name":"(anonymous_17)","decl":{"start":{"line":159,"column":14},"end":{"line":159,"column":25}},"loc":{"start":{"line":159,"column":31},"end":{"line":159,"column":null}},"line":159}},"branchMap":{"0":{"loc":{"start":{"line":19,"column":4},"end":{"line":21,"column":null}},"type":"if","locations":[{"start":{"line":19,"column":4},"end":{"line":21,"column":null}},{"start":{},"end":{}}],"line":19},"1":{"loc":{"start":{"line":19,"column":8},"end":{"line":19,"column":50}},"type":"binary-expr","locations":[{"start":{"line":19,"column":8},"end":{"line":19,"column":15}},{"start":{"line":19,"column":15},"end":{"line":19,"column":50}}],"line":19},"2":{"loc":{"start":{"line":26,"column":4},"end":{"line":26,"column":null}},"type":"if","locations":[{"start":{"line":26,"column":4},"end":{"line":26,"column":null}},{"start":{},"end":{}}],"line":26},"3":{"loc":{"start":{"line":36,"column":8},"end":{"line":38,"column":null}},"type":"if","locations":[{"start":{"line":36,"column":8},"end":{"line":38,"column":null}},{"start":{},"end":{}}],"line":36},"4":{"loc":{"start":{"line":52,"column":4},"end":{"line":52,"column":null}},"type":"if","locations":[{"start":{"line":52,"column":4},"end":{"line":52,"column":null}},{"start":{},"end":{}}],"line":52},"5":{"loc":{"start":{"line":65,"column":37},"end":{"line":65,"column":82}},"type":"binary-expr","locations":[{"start":{"line":65,"column":37},"end":{"line":65,"column":66}},{"start":{"line":65,"column":66},"end":{"line":65,"column":82}}],"line":65},"6":{"loc":{"start":{"line":75,"column":16},"end":{"line":75,"column":null}},"type":"cond-expr","locations":[{"start":{"line":75,"column":40},"end":{"line":75,"column":44}},{"start":{"line":75,"column":44},"end":{"line":75,"column":null}}],"line":75},"7":{"loc":{"start":{"line":75,"column":16},"end":{"line":75,"column":40}},"type":"binary-expr","locations":[{"start":{"line":75,"column":16},"end":{"line":75,"column":30}},{"start":{"line":75,"column":30},"end":{"line":75,"column":40}}],"line":75},"8":{"loc":{"start":{"line":82,"column":8},"end":{"line":153,"column":null}},"type":"binary-expr","locations":[{"start":{"line":83,"column":12},"end":{"line":83,"column":26}},{"start":{"line":83,"column":26},"end":{"line":83,"column":null}},{"start":{"line":84,"column":12},"end":{"line":153,"column":null}}],"line":82},"9":{"loc":{"start":{"line":106,"column":21},"end":{"line":106,"column":null}},"type":"cond-expr","locations":[{"start":{"line":106,"column":34},"end":{"line":106,"column":82}},{"start":{"line":106,"column":81},"end":{"line":106,"column":null}}],"line":106},"10":{"loc":{"start":{"line":120,"column":24},"end":{"line":123,"column":null}},"type":"if","locations":[{"start":{"line":120,"column":24},"end":{"line":123,"column":null}},{"start":{},"end":{}}],"line":120},"11":{"loc":{"start":{"line":139,"column":19},"end":{"line":149,"column":null}},"type":"binary-expr","locations":[{"start":{"line":139,"column":19},"end":{"line":139,"column":null}},{"start":{"line":140,"column":20},"end":{"line":149,"column":null}}],"line":139},"12":{"loc":{"start":{"line":174,"column":22},"end":{"line":174,"column":null}},"type":"binary-expr","locations":[{"start":{"line":174,"column":22},"end":{"line":174,"column":41}},{"start":{"line":174,"column":41},"end":{"line":174,"column":null}}],"line":174},"13":{"loc":{"start":{"line":177,"column":13},"end":{"line":177,"column":null}},"type":"cond-expr","locations":[{"start":{"line":177,"column":36},"end":{"line":177,"column":51}},{"start":{"line":177,"column":51},"end":{"line":177,"column":null}}],"line":177}},"s":{"0":1,"1":10,"2":10,"3":10,"4":10,"5":10,"6":10,"7":10,"8":10,"9":10,"10":10,"11":10,"12":0,"13":0,"14":0,"15":10,"16":0,"17":0,"18":0,"19":0,"20":0,"21":0,"22":0,"23":0,"24":0,"25":0,"26":0,"27":0,"28":0,"29":0,"30":0,"31":0,"32":0,"33":10,"34":1,"35":1,"36":0,"37":1,"38":0,"39":0,"40":0,"41":0,"42":0,"43":0,"44":0,"45":10,"46":3,"47":1,"48":0,"49":0,"50":0,"51":0,"52":0,"53":0,"54":0,"55":0,"56":0,"57":1},"f":{"0":10,"1":0,"2":0,"3":0,"4":0,"5":1,"6":0,"7":0,"8":3,"9":1,"10":0,"11":0,"12":0,"13":0,"14":0,"15":0,"16":0,"17":1},"b":{"0":[0,0],"1":[0,0],"2":[0,0],"3":[0,0],"4":[0,1],"5":[0,0],"6":[5,5],"7":[10,8],"8":[10,8,5],"9":[0,5],"10":[0,0],"11":[5,0],"12":[10,5],"13":[2,8]},"meta":{"lastBranch":14,"lastFunction":18,"lastStatement":58,"seen":{"s:6:13:184:Infinity":0,"f:6:13:6:36":0,"s:7:18:7:Infinity":1,"s:8:19:8:Infinity":2,"s:9:19:9:Infinity":3,"s:10:19:10:Infinity":4,"s:11:20:11:Infinity":5,"s:12:15:12:Infinity":6,"s:13:19:13:Infinity":7,"s:14:21:14:Infinity":8,"s:15:21:15:Infinity":9,"s:16:8:16:Infinity":10,"s:18:8:23:Infinity":11,"f:18:8:18:24":1,"b:19:4:21:Infinity:undefined:undefined:undefined:undefined":0,"s:19:4:21:Infinity":12,"b:19:8:19:15:19:15:19:50":1,"s:20:6:20:Infinity":13,"s:22:4:22:Infinity":14,"s:25:8:48:Infinity":15,"f:25:8:25:34":2,"b:26:4:26:Infinity:undefined:undefined:undefined:undefined":2,"s:26:4:26:Infinity":16,"s:26:32:26:Infinity":17,"s:27:4:27:Infinity":18,"s:28:4:47:Infinity":19,"f:28:45:28:52":3,"s:29:18:29:Infinity":20,"s:30:18:30:Infinity":21,"s:31:6:31:Infinity":22,"s:32:6:32:Infinity":23,"s:33:6:43:Infinity":24,"s:34:20:34:Infinity":25,"s:35:21:35:Infinity":26,"b:36:8:38:Infinity:undefined:undefined:undefined:undefined":3,"s:36:8:38:Infinity":27,"s:37:10:37:Infinity":28,"s:40:8:40:Infinity":29,"s:42:8:42:Infinity":30,"f:44:4:44:13":4,"s:45:6:45:Infinity":31,"s:46:6:46:Infinity":32,"s:50:8:68:Infinity":33,"f:50:8:50:24":5,"s:51:4:51:Infinity":34,"b:52:4:52:Infinity:undefined:undefined:undefined:undefined":4,"s:52:4:52:Infinity":35,"s:52:25:52:Infinity":36,"s:54:4:67:Infinity":37,"f:57:8:57:25":6,"s:58:10:58:Infinity":38,"s:59:10:59:Infinity":39,"s:60:10:60:Infinity":40,"s:61:10:61:Infinity":41,"s:62:10:62:Infinity":42,"s:63:10:63:Infinity":43,"f:65:8:65:18":7,"s:65:31:65:Infinity":44,"b:65:37:65:66:65:66:65:82":5,"s:70:2:182:Infinity":45,"b:75:40:75:44:75:44:75:Infinity":6,"b:75:16:75:30:75:30:75:40":7,"f:78:10:78:21":8,"s:78:27:78:Infinity":46,"f:79:10:79:25":9,"s:79:25:79:Infinity":47,"b:83:12:83:26:83:26:83:Infinity:84:12:153:Infinity":8,"f:97:20:97:30":10,"s:97:35:97:Infinity":48,"b:106:34:106:82:106:81:106:Infinity":9,"f:118:22:118:32":11,"s:118:37:118:Infinity":49,"f:119:22:119:33":12,"b:120:24:123:Infinity:undefined:undefined:undefined:undefined":10,"s:120:24:123:Infinity":50,"s:121:26:121:Infinity":51,"s:122:26:122:Infinity":52,"f:128:22:128:32":13,"s:128:37:128:Infinity":53,"b:139:19:139:Infinity:140:20:149:Infinity":11,"f:141:28:141:32":14,"s:142:24:145:Infinity":54,"f:144:48:144:63":15,"s:144:63:144:101":55,"f:144:76:144:83":16,"s:144:88:144:97":56,"f:159:14:159:25":17,"s:159:31:159:Infinity":57,"b:174:22:174:41:174:41:174:Infinity":12,"b:177:36:177:51:177:51:177:Infinity":13},"fnNames":{}}}
,"/Users/sathvikreddy/Documents/projects/sports/frontend/src/components/ProtectedRoute.tsx": {"path":"/Users/sathvikreddy/Documents/projects/sports/frontend/src/components/ProtectedRoute.tsx","statementMap":{"0":{"start":{"line":10,"column":13},"end":{"line":29,"column":null}},"1":{"start":{"line":11,"column":30},"end":{"line":11,"column":null}},"2":{"start":{"line":12,"column":8},"end":{"line":12,"column":null}},"3":{"start":{"line":14,"column":2},"end":{"line":16,"column":null}},"4":{"start":{"line":15,"column":4},"end":{"line":15,"column":null}},"5":{"start":{"line":18,"column":2},"end":{"line":20,"column":null}},"6":{"start":{"line":19,"column":4},"end":{"line":19,"column":null}},"7":{"start":{"line":22,"column":2},"end":{"line":26,"column":null}},"8":{"start":{"line":23,"column":4},"end":{"line":25,"column":null}},"9":{"start":{"line":24,"column":6},"end":{"line":24,"column":null}},"10":{"start":{"line":28,"column":2},"end":{"line":28,"column":null}}},"fnMap":{"0":{"name":"(anonymous_0)","decl":{"start":{"line":10,"column":13},"end":{"line":10,"column":31}},"loc":{"start":{"line":10,"column":82},"end":{"line":29,"column":null}},"line":10}},"branchMap":{"0":{"loc":{"start":{"line":14,"column":2},"end":{"line":16,"column":null}},"type":"if","locations":[{"start":{"line":14,"column":2},"end":{"line":16,"column":null}},{"start":{},"end":{}}],"line":14},"1":{"loc":{"start":{"line":18,"column":2},"end":{"line":20,"column":null}},"type":"if","locations":[{"start":{"line":18,"column":2},"end":{"line":20,"column":null}},{"start":{},"end":{}}],"line":18},"2":{"loc":{"start":{"line":22,"column":2},"end":{"line":26,"column":null}},"type":"if","locations":[{"start":{"line":22,"column":2},"end":{"line":26,"column":null}},{"start":{},"end":{}}],"line":22},"3":{"loc":{"start":{"line":22,"column":6},"end":{"line":22,"column":27}},"type":"binary-expr","locations":[{"start":{"line":22,"column":6},"end":{"line":22,"column":21}},{"start":{"line":22,"column":21},"end":{"line":22,"column":27}}],"line":22},"4":{"loc":{"start":{"line":23,"column":4},"end":{"line":25,"column":null}},"type":"if","locations":[{"start":{"line":23,"column":4},"end":{"line":25,"column":null}},{"start":{},"end":{}}],"line":23}},"s":{"0":1,"1":5,"2":5,"3":5,"4":1,"5":4,"6":1,"7":3,"8":2,"9":1,"10":2},"f":{"0":5},"b":{"0":[1,4],"1":[1,3],"2":[2,1],"3":[3,2],"4":[1,1]},"meta":{"lastBranch":5,"lastFunction":1,"lastStatement":11,"seen":{"s:10:13:29:Infinity":0,"f:10:13:10:31":0,"s:11:30:11:Infinity":1,"s:12:8:12:Infinity":2,"b:14:2:16:Infinity:undefined:undefined:undefined:undefined":0,"s:14:2:16:Infinity":3,"s:15:4:15:Infinity":4,"b:18:2:20:Infinity:undefined:undefined:undefined:undefined":1,"s:18:2:20:Infinity":5,"s:19:4:19:Infinity":6,"b:22:2:26:Infinity:undefined:undefined:undefined:undefined":2,"s:22:2:26:Infinity":7,"b:22:6:22:21:22:21:22:27":3,"b:23:4:25:Infinity:undefined:undefined:undefined:undefined":4,"s:23:4:25:Infinity":8,"s:24:6:24:Infinity":9,"s:28:2:28:Infinity":10},"fnNames":{}}}
,"/Users/sathvikreddy/Documents/projects/sports/frontend/src/components/Skeleton.tsx": {"path":"/Users/sathvikreddy/Documents/projects/sports/frontend/src/components/Skeleton.tsx","statementMap":{"0":{"start":{"line":3,"column":13},"end":{"line":7,"column":null}},"1":{"start":{"line":4,"column":2},"end":{"line":5,"column":null}},"2":{"start":{"line":9,"column":13},"end":{"line":31,"column":null}},"3":{"start":{"line":10,"column":2},"end":{"line":29,"column":null}}},"fnMap":{"0":{"name":"(anonymous_0)","decl":{"start":{"line":3,"column":13},"end":{"line":3,"column":25}},"loc":{"start":{"line":3,"column":67},"end":{"line":7,"column":null}},"line":3},"1":{"name":"(anonymous_1)","decl":{"start":{"line":9,"column":13},"end":{"line":9,"column":34}},"loc":{"start":{"line":9,"column":34},"end":{"line":31,"column":null}},"line":9}},"branchMap":{},"s":{"0":1,"1":10,"2":1,"3":1},"f":{"0":10,"1":1},"b":{},"meta":{"lastBranch":0,"lastFunction":2,"lastStatement":4,"seen":{"s:3:13:7:Infinity":0,"f:3:13:3:25":0,"s:4:2:5:Infinity":1,"s:9:13:31:Infinity":2,"f:9:13:9:34":1,"s:10:2:29:Infinity":3},"fnNames":{}}}
,"/Users/sathvikreddy/Documents/projects/sports/frontend/src/hooks/usePosts.ts": {"path":"/Users/sathvikreddy/Documents/projects/sports/frontend/src/hooks/usePosts.ts","statementMap":{"0":{"start":{"line":4,"column":13},"end":{"line":20,"column":null}},"1":{"start":{"line":5,"column":2},"end":{"line":19,"column":null}},"2":{"start":{"line":8,"column":23},"end":{"line":14,"column":null}},"3":{"start":{"line":15,"column":6},"end":{"line":15,"column":null}},"4":{"start":{"line":18,"column":36},"end":{"line":18,"column":null}},"5":{"start":{"line":22,"column":13},"end":{"line":31,"column":null}},"6":{"start":{"line":23,"column":2},"end":{"line":30,"column":null}},"7":{"start":{"line":26,"column":23},"end":{"line":26,"column":null}},"8":{"start":{"line":27,"column":6},"end":{"line":27,"column":null}},"9":{"start":{"line":33,"column":13},"end":{"line":52,"column":null}},"10":{"start":{"line":34,"column":8},"end":{"line":34,"column":null}},"11":{"start":{"line":35,"column":2},"end":{"line":51,"column":null}},"12":{"start":{"line":45,"column":23},"end":{"line":45,"column":null}},"13":{"start":{"line":46,"column":6},"end":{"line":46,"column":null}},"14":{"start":{"line":49,"column":6},"end":{"line":49,"column":null}},"15":{"start":{"line":54,"column":13},"end":{"line":62,"column":null}},"16":{"start":{"line":55,"column":2},"end":{"line":61,"column":null}},"17":{"start":{"line":57,"column":18},"end":{"line":57,"column":null}},"18":{"start":{"line":58,"column":23},"end":{"line":58,"column":null}},"19":{"start":{"line":59,"column":6},"end":{"line":59,"column":null}},"20":{"start":{"line":64,"column":13},"end":{"line":71,"column":null}},"21":{"start":{"line":65,"column":2},"end":{"line":70,"column":null}},"22":{"start":{"line":67,"column":23},"end":{"line":67,"column":null}},"23":{"start":{"line":68,"column":6},"end":{"line":68,"column":null}},"24":{"start":{"line":73,"column":13},"end":{"line":84,"column":null}},"25":{"start":{"line":74,"column":8},"end":{"line":74,"column":null}},"26":{"start":{"line":75,"column":2},"end":{"line":83,"column":null}},"27":{"start":{"line":77,"column":23},"end":{"line":77,"column":null}},"28":{"start":{"line":78,"column":6},"end":{"line":78,"column":null}},"29":{"start":{"line":81,"column":6},"end":{"line":81,"column":null}},"30":{"start":{"line":86,"column":13},"end":{"line":98,"column":null}},"31":{"start":{"line":87,"column":8},"end":{"line":87,"column":null}},"32":{"start":{"line":88,"column":2},"end":{"line":97,"column":null}},"33":{"start":{"line":90,"column":23},"end":{"line":90,"column":null}},"34":{"start":{"line":91,"column":6},"end":{"line":91,"column":null}},"35":{"start":{"line":94,"column":6},"end":{"line":94,"column":null}},"36":{"start":{"line":95,"column":6},"end":{"line":95,"column":null}}},"fnMap":{"0":{"name":"(anonymous_0)","decl":{"start":{"line":4,"column":13},"end":{"line":4,"column":24}},"loc":{"start":{"line":4,"column":101},"end":{"line":20,"column":null}},"line":4},"1":{"name":"(anonymous_1)","decl":{"start":{"line":7,"column":13},"end":{"line":7,"column":20}},"loc":{"start":{"line":7,"column":50},"end":{"line":16,"column":null}},"line":7},"2":{"name":"(anonymous_2)","decl":{"start":{"line":18,"column":4},"end":{"line":18,"column":23}},"loc":{"start":{"line":18,"column":36},"end":{"line":18,"column":null}},"line":18},"3":{"name":"(anonymous_3)","decl":{"start":{"line":22,"column":13},"end":{"line":22,"column":30}},"loc":{"start":{"line":22,"column":49},"end":{"line":31,"column":null}},"line":22},"4":{"name":"(anonymous_4)","decl":{"start":{"line":25,"column":13},"end":{"line":25,"column":25}},"loc":{"start":{"line":25,"column":25},"end":{"line":28,"column":null}},"line":25},"5":{"name":"(anonymous_5)","decl":{"start":{"line":33,"column":13},"end":{"line":33,"column":35}},"loc":{"start":{"line":33,"column":35},"end":{"line":52,"column":null}},"line":33},"6":{"name":"(anonymous_6)","decl":{"start":{"line":36,"column":16},"end":{"line":36,"column":23}},"loc":{"start":{"line":44,"column":10},"end":{"line":47,"column":null}},"line":44},"7":{"name":"(anonymous_7)","decl":{"start":{"line":48,"column":4},"end":{"line":48,"column":21}},"loc":{"start":{"line":48,"column":21},"end":{"line":50,"column":null}},"line":48},"8":{"name":"(anonymous_8)","decl":{"start":{"line":54,"column":13},"end":{"line":54,"column":35}},"loc":{"start":{"line":54,"column":35},"end":{"line":62,"column":null}},"line":54},"9":{"name":"(anonymous_9)","decl":{"start":{"line":56,"column":16},"end":{"line":56,"column":23}},"loc":{"start":{"line":56,"column":86},"end":{"line":60,"column":null}},"line":56},"10":{"name":"(anonymous_10)","decl":{"start":{"line":64,"column":13},"end":{"line":64,"column":35}},"loc":{"start":{"line":64,"column":35},"end":{"line":71,"column":null}},"line":64},"11":{"name":"(anonymous_11)","decl":{"start":{"line":66,"column":16},"end":{"line":66,"column":23}},"loc":{"start":{"line":66,"column":42},"end":{"line":69,"column":null}},"line":66},"12":{"name":"(anonymous_12)","decl":{"start":{"line":73,"column":13},"end":{"line":73,"column":36}},"loc":{"start":{"line":73,"column":36},"end":{"line":84,"column":null}},"line":73},"13":{"name":"(anonymous_13)","decl":{"start":{"line":76,"column":16},"end":{"line":76,"column":23}},"loc":{"start":{"line":76,"column":113},"end":{"line":79,"column":null}},"line":76},"14":{"name":"(anonymous_14)","decl":{"start":{"line":80,"column":4},"end":{"line":80,"column":16}},"loc":{"start":{"line":80,"column":33},"end":{"line":82,"column":null}},"line":80},"15":{"name":"(anonymous_15)","decl":{"start":{"line":86,"column":13},"end":{"line":86,"column":35}},"loc":{"start":{"line":86,"column":35},"end":{"line":98,"column":null}},"line":86},"16":{"name":"(anonymous_16)","decl":{"start":{"line":89,"column":16},"end":{"line":89,"column":23}},"loc":{"start":{"line":89,"column":42},"end":{"line":92,"column":null}},"line":89},"17":{"name":"(anonymous_17)","decl":{"start":{"line":93,"column":4},"end":{"line":93,"column":21}},"loc":{"start":{"line":93,"column":21},"end":{"line":96,"column":null}},"line":93}},"branchMap":{"0":{"loc":{"start":{"line":4,"column":24},"end":{"line":4,"column":101}},"type":"default-arg","locations":[{"start":{"line":4,"column":94},"end":{"line":4,"column":101}}],"line":4},"1":{"loc":{"start":{"line":7,"column":22},"end":{"line":7,"column":50}},"type":"default-arg","locations":[{"start":{"line":7,"column":34},"end":{"line":7,"column":50}}],"line":7},"2":{"loc":{"start":{"line":57,"column":18},"end":{"line":57,"column":null}},"type":"cond-expr","locations":[{"start":{"line":57,"column":28},"end":{"line":57,"column":62}},{"start":{"line":57,"column":62},"end":{"line":57,"column":null}}],"line":57}},"s":{"0":1,"1":0,"2":0,"3":0,"4":0,"5":1,"6":3,"7":1,"8":1,"9":1,"10":2,"11":2,"12":1,"13":1,"14":1,"15":1,"16":0,"17":0,"18":0,"19":0,"20":1,"21":0,"22":0,"23":0,"24":1,"25":0,"26":0,"27":0,"28":0,"29":0,"30":1,"31":0,"32":0,"33":0,"34":0,"35":0,"36":0},"f":{"0":0,"1":0,"2":0,"3":3,"4":1,"5":2,"6":1,"7":1,"8":0,"9":0,"10":0,"11":0,"12":0,"13":0,"14":0,"15":0,"16":0,"17":0},"b":{"0":[0],"1":[0],"2":[0,0]},"meta":{"lastBranch":3,"lastFunction":18,"lastStatement":37,"seen":{"s:4:13:20:Infinity":0,"f:4:13:4:24":0,"b:4:94:4:101":0,"s:5:2:19:Infinity":1,"f:7:13:7:20":1,"b:7:34:7:50":1,"s:8:23:14:Infinity":2,"s:15:6:15:Infinity":3,"f:18:4:18:23":2,"s:18:36:18:Infinity":4,"s:22:13:31:Infinity":5,"f:22:13:22:30":3,"s:23:2:30:Infinity":6,"f:25:13:25:25":4,"s:26:23:26:Infinity":7,"s:27:6:27:Infinity":8,"s:33:13:52:Infinity":9,"f:33:13:33:35":5,"s:34:8:34:Infinity":10,"s:35:2:51:Infinity":11,"f:36:16:36:23":6,"s:45:23:45:Infinity":12,"s:46:6:46:Infinity":13,"f:48:4:48:21":7,"s:49:6:49:Infinity":14,"s:54:13:62:Infinity":15,"f:54:13:54:35":8,"s:55:2:61:Infinity":16,"f:56:16:56:23":9,"s:57:18:57:Infinity":17,"b:57:28:57:62:57:62:57:Infinity":2,"s:58:23:58:Infinity":18,"s:59:6:59:Infinity":19,"s:64:13:71:Infinity":20,"f:64:13:64:35":10,"s:65:2:70:Infinity":21,"f:66:16:66:23":11,"s:67:23:67:Infinity":22,"s:68:6:68:Infinity":23,"s:73:13:84:Infinity":24,"f:73:13:73:36":12,"s:74:8:74:Infinity":25,"s:75:2:83:Infinity":26,"f:76:16:76:23":13,"s:77:23:77:Infinity":27,"s:78:6:78:Infinity":28,"f:80:4:80:16":14,"s:81:6:81:Infinity":29,"s:86:13:98:Infinity":30,"f:86:13:86:35":15,"s:87:8:87:Infinity":31,"s:88:2:97:Infinity":32,"f:89:16:89:23":16,"s:90:23:90:Infinity":33,"s:91:6:91:Infinity":34,"f:93:4:93:21":17,"s:94:6:94:Infinity":35,"s:95:6:95:Infinity":36},"fnNames":{}}}
,"/Users/sathvikreddy/Documents/projects/sports/frontend/src/lib/api.ts": {"path":"/Users/sathvikreddy/Documents/projects/sports/frontend/src/lib/api.ts","statementMap":{"0":{"start":{"line":4,"column":12},"end":{"line":6,"column":null}},"1":{"start":{"line":9,"column":0},"end":{"line":22,"column":null}},"2":{"start":{"line":11,"column":4},"end":{"line":16,"column":null}},"3":{"start":{"line":12,"column":20},"end":{"line":12,"column":null}},"4":{"start":{"line":13,"column":6},"end":{"line":15,"column":null}},"5":{"start":{"line":14,"column":8},"end":{"line":14,"column":null}},"6":{"start":{"line":17,"column":4},"end":{"line":17,"column":null}},"7":{"start":{"line":20,"column":4},"end":{"line":20,"column":null}}},"fnMap":{"0":{"name":"(anonymous_0)","decl":{"start":{"line":10,"column":2},"end":{"line":10,"column":9}},"loc":{"start":{"line":10,"column":20},"end":{"line":18,"column":null}},"line":10},"1":{"name":"(anonymous_1)","decl":{"start":{"line":18,"column":2},"end":{"line":18,"column":null}},"loc":{"start":{"line":19,"column":13},"end":{"line":21,"column":null}},"line":19}},"branchMap":{"0":{"loc":{"start":{"line":5,"column":11},"end":{"line":5,"column":null}},"type":"binary-expr","locations":[{"start":{"line":5,"column":11},"end":{"line":5,"column":43}},{"start":{"line":5,"column":43},"end":{"line":5,"column":null}}],"line":5},"1":{"loc":{"start":{"line":11,"column":4},"end":{"line":16,"column":null}},"type":"if","locations":[{"start":{"line":11,"column":4},"end":{"line":16,"column":null}},{"start":{},"end":{}}],"line":11},"2":{"loc":{"start":{"line":13,"column":6},"end":{"line":15,"column":null}},"type":"if","locations":[{"start":{"line":13,"column":6},"end":{"line":15,"column":null}},{"start":{},"end":{}}],"line":13}},"s":{"0":1,"1":1,"2":0,"3":0,"4":0,"5":0,"6":0,"7":0},"f":{"0":0,"1":0},"b":{"0":[1,0],"1":[0,0],"2":[0,0]},"meta":{"lastBranch":3,"lastFunction":2,"lastStatement":8,"seen":{"s:4:12:6:Infinity":0,"b:5:11:5:43:5:43:5:Infinity":0,"s:9:0:22:Infinity":1,"f:10:2:10:9":0,"b:11:4:16:Infinity:undefined:undefined:undefined:undefined":1,"s:11:4:16:Infinity":2,"s:12:20:12:Infinity":3,"b:13:6:15:Infinity:undefined:undefined:undefined:undefined":2,"s:13:6:15:Infinity":4,"s:14:8:14:Infinity":5,"s:17:4:17:Infinity":6,"f:18:2:18:Infinity":1,"s:20:4:20:Infinity":7},"fnNames":{}}}
,"/Users/sathvikreddy/Documents/projects/sports/frontend/src/lib/firebase.ts": {"path":"/Users/sathvikreddy/Documents/projects/sports/frontend/src/lib/firebase.ts","statementMap":{"0":{"start":{"line":4,"column":23},"end":{"line":11,"column":null}},"1":{"start":{"line":16,"column":0},"end":{"line":20,"column":null}},"2":{"start":{"line":17,"column":2},"end":{"line":17,"column":null}},"3":{"start":{"line":19,"column":2},"end":{"line":19,"column":null}},"4":{"start":{"line":22,"column":20},"end":{"line":22,"column":null}},"5":{"start":{"line":23,"column":30},"end":{"line":23,"column":null}},"6":{"start":{"line":25,"column":32},"end":{"line":28,"column":null}},"7":{"start":{"line":26,"column":2},"end":{"line":26,"column":null}},"8":{"start":{"line":26,"column":13},"end":{"line":26,"column":null}},"9":{"start":{"line":27,"column":2},"end":{"line":27,"column":null}},"10":{"start":{"line":30,"column":23},"end":{"line":33,"column":null}},"11":{"start":{"line":31,"column":2},"end":{"line":31,"column":null}},"12":{"start":{"line":31,"column":13},"end":{"line":31,"column":null}},"13":{"start":{"line":32,"column":2},"end":{"line":32,"column":null}}},"fnMap":{"0":{"name":"(anonymous_0)","decl":{"start":{"line":25,"column":32},"end":{"line":25,"column":44}},"loc":{"start":{"line":25,"column":44},"end":{"line":28,"column":null}},"line":25},"1":{"name":"(anonymous_1)","decl":{"start":{"line":30,"column":23},"end":{"line":30,"column":35}},"loc":{"start":{"line":30,"column":35},"end":{"line":33,"column":null}},"line":30}},"branchMap":{"0":{"loc":{"start":{"line":22,"column":20},"end":{"line":22,"column":null}},"type":"cond-expr","locations":[{"start":{"line":22,"column":20},"end":{"line":22,"column":41}},{"start":{"line":22,"column":41},"end":{"line":22,"column":null}}],"line":22},"1":{"loc":{"start":{"line":26,"column":2},"end":{"line":26,"column":null}},"type":"if","locations":[{"start":{"line":26,"column":2},"end":{"line":26,"column":null}},{"start":{},"end":{}}],"line":26},"2":{"loc":{"start":{"line":31,"column":2},"end":{"line":31,"column":null}},"type":"if","locations":[{"start":{"line":31,"column":2},"end":{"line":31,"column":null}},{"start":{},"end":{}}],"line":31}},"s":{"0":1,"1":1,"2":1,"3":0,"4":1,"5":1,"6":1,"7":0,"8":0,"9":0,"10":1,"11":0,"12":0,"13":0},"f":{"0":0,"1":0},"b":{"0":[1,0],"1":[0,0],"2":[0,0]},"meta":{"lastBranch":3,"lastFunction":2,"lastStatement":14,"seen":{"s:4:23:11:Infinity":0,"s:16:0:20:Infinity":1,"s:17:2:17:Infinity":2,"s:19:2:19:Infinity":3,"s:22:20:22:Infinity":4,"b:22:20:22:41:22:41:22:Infinity":0,"s:23:30:23:Infinity":5,"s:25:32:28:Infinity":6,"f:25:32:25:44":0,"b:26:2:26:Infinity:undefined:undefined:undefined:undefined":1,"s:26:2:26:Infinity":7,"s:26:13:26:Infinity":8,"s:27:2:27:Infinity":9,"s:30:23:33:Infinity":10,"f:30:23:30:35":1,"b:31:2:31:Infinity:undefined:undefined:undefined:undefined":2,"s:31:2:31:Infinity":11,"s:31:13:31:Infinity":12,"s:32:2:32:Infinity":13},"fnNames":{}}}
,"/Users/sathvikreddy/Documents/projects/sports/frontend/src/providers/AuthProvider.tsx": {"path":"/Users/sathvikreddy/Documents/projects/sports/frontend/src/providers/AuthProvider.tsx","statementMap":{"0":{"start":{"line":40,"column":6},"end":{"line":46,"column":null}},"1":{"start":{"line":48,"column":13},"end":{"line":111,"column":null}},"2":{"start":{"line":49,"column":23},"end":{"line":49,"column":null}},"3":{"start":{"line":50,"column":20},"end":{"line":50,"column":null}},"4":{"start":{"line":51,"column":8},"end":{"line":51,"column":null}},"5":{"start":{"line":53,"column":2},"end":{"line":72,"column":null}},"6":{"start":{"line":54,"column":4},"end":{"line":57,"column":null}},"7":{"start":{"line":55,"column":6},"end":{"line":55,"column":null}},"8":{"start":{"line":56,"column":6},"end":{"line":56,"column":null}},"9":{"start":{"line":59,"column":24},"end":{"line":69,"column":null}},"10":{"start":{"line":60,"column":6},"end":{"line":60,"column":null}},"11":{"start":{"line":61,"column":6},"end":{"line":67,"column":null}},"12":{"start":{"line":63,"column":8},"end":{"line":63,"column":null}},"13":{"start":{"line":66,"column":8},"end":{"line":66,"column":null}},"14":{"start":{"line":68,"column":6},"end":{"line":68,"column":null}},"15":{"start":{"line":71,"column":4},"end":{"line":71,"column":null}},"16":{"start":{"line":71,"column":17},"end":{"line":71,"column":null}},"17":{"start":{"line":74,"column":19},"end":{"line":85,"column":null}},"18":{"start":{"line":75,"column":4},"end":{"line":84,"column":null}},"19":{"start":{"line":76,"column":16},"end":{"line":76,"column":null}},"20":{"start":{"line":77,"column":6},"end":{"line":80,"column":null}},"21":{"start":{"line":81,"column":6},"end":{"line":81,"column":null}},"22":{"start":{"line":83,"column":6},"end":{"line":83,"column":null}},"23":{"start":{"line":88,"column":35},"end":{"line":96,"column":null}},"24":{"start":{"line":91,"column":18},"end":{"line":91,"column":null}},"25":{"start":{"line":92,"column":6},"end":{"line":92,"column":null}},"26":{"start":{"line":98,"column":2},"end":{"line":109,"column":null}},"27":{"start":{"line":113,"column":13},"end":{"line":113,"column":null}}},"fnMap":{"0":{"name":"(anonymous_0)","decl":{"start":{"line":45,"column":12},"end":{"line":45,"column":24}},"loc":{"start":{"line":45,"column":24},"end":{"line":45,"column":null}},"line":45},"1":{"name":"(anonymous_1)","decl":{"start":{"line":48,"column":13},"end":{"line":48,"column":29}},"loc":{"start":{"line":48,"column":77},"end":{"line":111,"column":null}},"line":48},"2":{"name":"(anonymous_2)","decl":{"start":{"line":53,"column":2},"end":{"line":53,"column":18}},"loc":{"start":{"line":53,"column":18},"end":{"line":72,"column":5}},"line":53},"3":{"name":"(anonymous_3)","decl":{"start":{"line":59,"column":48},"end":{"line":59,"column":55}},"loc":{"start":{"line":59,"column":64},"end":{"line":69,"column":5}},"line":59},"4":{"name":"(anonymous_4)","decl":{"start":{"line":71,"column":4},"end":{"line":71,"column":17}},"loc":{"start":{"line":71,"column":17},"end":{"line":71,"column":null}},"line":71},"5":{"name":"(anonymous_5)","decl":{"start":{"line":74,"column":19},"end":{"line":74,"column":26}},"loc":{"start":{"line":74,"column":53},"end":{"line":85,"column":null}},"line":74},"6":{"name":"(anonymous_6)","decl":{"start":{"line":90,"column":13},"end":{"line":90,"column":25}},"loc":{"start":{"line":90,"column":25},"end":{"line":93,"column":null}},"line":90},"7":{"name":"(anonymous_7)","decl":{"start":{"line":113,"column":13},"end":{"line":113,"column":29}},"loc":{"start":{"line":113,"column":13},"end":{"line":113,"column":null}},"line":113}},"branchMap":{"0":{"loc":{"start":{"line":54,"column":4},"end":{"line":57,"column":null}},"type":"if","locations":[{"start":{"line":54,"column":4},"end":{"line":57,"column":null}},{"start":{},"end":{}}],"line":54},"1":{"loc":{"start":{"line":61,"column":6},"end":{"line":67,"column":null}},"type":"if","locations":[{"start":{"line":61,"column":6},"end":{"line":67,"column":null}},{"start":{"line":64,"column":13},"end":{"line":67,"column":null}}],"line":61},"2":{"loc":{"start":{"line":76,"column":16},"end":{"line":76,"column":null}},"type":"binary-expr","locations":[{"start":{"line":76,"column":16},"end":{"line":76,"column":27}},{"start":{"line":76,"column":27},"end":{"line":76,"column":null}}],"line":76},"3":{"loc":{"start":{"line":102,"column":14},"end":{"line":102,"column":null}},"type":"binary-expr","locations":[{"start":{"line":102,"column":14},"end":{"line":102,"column":24}},{"start":{"line":102,"column":24},"end":{"line":102,"column":null}}],"line":102},"4":{"loc":{"start":{"line":103,"column":17},"end":{"line":103,"column":null}},"type":"binary-expr","locations":[{"start":{"line":103,"column":17},"end":{"line":103,"column":36}},{"start":{"line":103,"column":36},"end":{"line":103,"column":null}}],"line":103},"5":{"loc":{"start":{"line":104,"column":19},"end":{"line":104,"column":null}},"type":"binary-expr","locations":[{"start":{"line":104,"column":19},"end":{"line":104,"column":32}},{"start":{"line":104,"column":32},"end":{"line":104,"column":null}}],"line":104}},"s":{"0":1,"1":1,"2":6,"3":6,"4":6,"5":6,"6":5,"7":0,"8":0,"9":5,"10":5,"11":5,"12":0,"13":5,"14":5,"15":5,"16":5,"17":6,"18":0,"19":0,"20":0,"21":0,"22":0,"23":6,"24":0,"25":0,"26":6,"27":0},"f":{"0":0,"1":6,"2":5,"3":5,"4":5,"5":0,"6":0,"7":0},"b":{"0":[0,5],"1":[0,5],"2":[0,0],"3":[6,6],"4":[6,6],"5":[6,1]},"meta":{"lastBranch":6,"lastFunction":8,"lastStatement":28,"seen":{"s:40:6:46:Infinity":0,"f:45:12:45:24":0,"s:48:13:111:Infinity":1,"f:48:13:48:29":1,"s:49:23:49:Infinity":2,"s:50:20:50:Infinity":3,"s:51:8:51:Infinity":4,"s:53:2:72:Infinity":5,"f:53:2:53:18":2,"b:54:4:57:Infinity:undefined:undefined:undefined:undefined":0,"s:54:4:57:Infinity":6,"s:55:6:55:Infinity":7,"s:56:6:56:Infinity":8,"s:59:24:69:Infinity":9,"f:59:48:59:55":3,"s:60:6:60:Infinity":10,"b:61:6:67:Infinity:64:13:67:Infinity":1,"s:61:6:67:Infinity":11,"s:63:8:63:Infinity":12,"s:66:8:66:Infinity":13,"s:68:6:68:Infinity":14,"s:71:4:71:Infinity":15,"f:71:4:71:17":4,"s:71:17:71:Infinity":16,"s:74:19:85:Infinity":17,"f:74:19:74:26":5,"s:75:4:84:Infinity":18,"s:76:16:76:Infinity":19,"b:76:16:76:27:76:27:76:Infinity":2,"s:77:6:80:Infinity":20,"s:81:6:81:Infinity":21,"s:83:6:83:Infinity":22,"s:88:35:96:Infinity":23,"f:90:13:90:25":6,"s:91:18:91:Infinity":24,"s:92:6:92:Infinity":25,"s:98:2:109:Infinity":26,"b:102:14:102:24:102:24:102:Infinity":3,"b:103:17:103:36:103:36:103:Infinity":4,"b:104:19:104:32:104:32:104:Infinity":5,"s:113:13:113:Infinity":27,"f:113:13:113:29":7},"fnNames":{}}}
,"/Users/sathvikreddy/Documents/projects/sports/frontend/src/test/test-utils.tsx": {"path":"/Users/sathvikreddy/Documents/projects/sports/frontend/src/test/test-utils.tsx","statementMap":{"0":{"start":{"line":7,"column":20},"end":{"line":13,"column":null}},"1":{"start":{"line":15,"column":6},"end":{"line":23,"column":null}},"2":{"start":{"line":16,"column":2},"end":{"line":21,"column":null}},"3":{"start":{"line":25,"column":6},"end":{"line":28,"column":null}},"4":{"start":{"line":27,"column":2},"end":{"line":28,"column":null}}},"fnMap":{"0":{"name":"(anonymous_0)","decl":{"start":{"line":15,"column":6},"end":{"line":15,"column":25}},"loc":{"start":{"line":15,"column":73},"end":{"line":23,"column":null}},"line":15},"1":{"name":"(anonymous_1)","decl":{"start":{"line":25,"column":6},"end":{"line":25,"column":null}},"loc":{"start":{"line":27,"column":2},"end":{"line":28,"column":null}},"line":27}},"branchMap":{},"s":{"0":2,"1":2,"2":10,"3":2,"4":10},"f":{"0":10,"1":10},"b":{},"meta":{"lastBranch":0,"lastFunction":2,"lastStatement":5,"seen":{"s:7:20:13:Infinity":0,"s:15:6:23:Infinity":1,"f:15:6:15:25":0,"s:16:2:21:Infinity":2,"s:25:6:28:Infinity":3,"f:25:6:25:Infinity":1,"s:27:2:28:Infinity":4},"fnNames":{}}}
}
