{"/Users/sathvikreddy/Documents/projects/sports/backend/src/services/ai.service.ts": {"path":"/Users/sathvikreddy/Documents/projects/sports/backend/src/services/ai.service.ts","statementMap":{"0":{"start":{"line":1,"column":0},"end":{"line":1,"column":null}},"1":{"start":{"line":3,"column":11},"end":{"line":3,"column":102}},"2":{"start":{"line":8,"column":4},"end":{"line":8,"column":null}},"3":{"start":{"line":8,"column":13},"end":{"line":8,"column":null}},"4":{"start":{"line":10,"column":19},"end":{"line":19,"column":null}},"5":{"start":{"line":21,"column":4},"end":{"line":28,"column":null}},"6":{"start":{"line":22,"column":23},"end":{"line":22,"column":103}},"7":{"start":{"line":23,"column":22},"end":{"line":23,"column":102}},"8":{"start":{"line":24,"column":6},"end":{"line":24,"column":null}},"9":{"start":{"line":26,"column":6},"end":{"line":26,"column":null}},"10":{"start":{"line":27,"column":6},"end":{"line":27,"column":null}},"11":{"start":{"line":32,"column":4},"end":{"line":32,"column":null}},"12":{"start":{"line":32,"column":13},"end":{"line":32,"column":null}},"13":{"start":{"line":34,"column":19},"end":{"line":45,"column":null}},"14":{"start":{"line":47,"column":4},"end":{"line":54,"column":null}},"15":{"start":{"line":48,"column":23},"end":{"line":48,"column":103}},"16":{"start":{"line":49,"column":22},"end":{"line":49,"column":102}},"17":{"start":{"line":50,"column":6},"end":{"line":50,"column":null}},"18":{"start":{"line":52,"column":6},"end":{"line":52,"column":null}},"19":{"start":{"line":53,"column":6},"end":{"line":53,"column":null}},"20":{"start":{"line":58,"column":4},"end":{"line":58,"column":null}},"21":{"start":{"line":58,"column":37},"end":{"line":58,"column":null}},"22":{"start":{"line":60,"column":19},"end":{"line":65,"column":null}},"23":{"start":{"line":62,"column":25},"end":{"line":62,"column":33}},"24":{"start":{"line":67,"column":4},"end":{"line":73,"column":null}},"25":{"start":{"line":68,"column":23},"end":{"line":68,"column":103}},"26":{"start":{"line":69,"column":6},"end":{"line":69,"column":null}},"27":{"start":{"line":71,"column":6},"end":{"line":71,"column":null}},"28":{"start":{"line":72,"column":6},"end":{"line":72,"column":null}},"29":{"start":{"line":77,"column":4},"end":{"line":77,"column":null}},"30":{"start":{"line":77,"column":37},"end":{"line":77,"column":null}},"31":{"start":{"line":80,"column":29},"end":{"line":85,"column":7}},"32":{"start":{"line":80,"column":47},"end":{"line":85,"column":6}},"33":{"start":{"line":87,"column":19},"end":{"line":102,"column":null}},"34":{"start":{"line":104,"column":4},"end":{"line":118,"column":null}},"35":{"start":{"line":105,"column":23},"end":{"line":105,"column":103}},"36":{"start":{"line":106,"column":22},"end":{"line":106,"column":102}},"37":{"start":{"line":107,"column":30},"end":{"line":107,"column":49}},"38":{"start":{"line":110,"column":6},"end":{"line":113,"column":null}},"39":{"start":{"line":110,"column":48},"end":{"line":113,"column":8}},"40":{"start":{"line":111,"column":33},"end":{"line":111,"column":53}},"41":{"start":{"line":113,"column":29},"end":{"line":113,"column":50}},"42":{"start":{"line":116,"column":6},"end":{"line":116,"column":null}},"43":{"start":{"line":117,"column":6},"end":{"line":117,"column":null}},"44":{"start":{"line":5,"column":0},"end":{"line":5,"column":13}},"45":{"start":{"line":122,"column":13},"end":{"line":122,"column":null}}},"fnMap":{"0":{"name":"moderateContent","decl":{"start":{"line":7,"column":8},"end":{"line":7,"column":23}},"loc":{"start":{"line":7,"column":36},"end":{"line":29,"column":null}},"line":7},"1":{"name":"detectFakeEvent","decl":{"start":{"line":31,"column":8},"end":{"line":31,"column":23}},"loc":{"start":{"line":31,"column":66},"end":{"line":55,"column":null}},"line":31},"2":{"name":"summarizeReviews","decl":{"start":{"line":57,"column":8},"end":{"line":57,"column":24}},"loc":{"start":{"line":57,"column":42},"end":{"line":74,"column":null}},"line":57},"3":{"name":"(anonymous_3)","decl":{"start":{"line":62,"column":20},"end":{"line":62,"column":21}},"loc":{"start":{"line":62,"column":25},"end":{"line":62,"column":33}},"line":62},"4":{"name":"getRecommendations","decl":{"start":{"line":76,"column":8},"end":{"line":76,"column":26}},"loc":{"start":{"line":76,"column":59},"end":{"line":119,"column":null}},"line":76},"5":{"name":"(anonymous_5)","decl":{"start":{"line":80,"column":41},"end":{"line":80,"column":42}},"loc":{"start":{"line":80,"column":47},"end":{"line":85,"column":6}},"line":80},"6":{"name":"(anonymous_6)","decl":{"start":{"line":110,"column":33},"end":{"line":110,"column":34}},"loc":{"start":{"line":110,"column":48},"end":{"line":113,"column":8}},"line":110},"7":{"name":"(anonymous_7)","decl":{"start":{"line":111,"column":28},"end":{"line":111,"column":29}},"loc":{"start":{"line":111,"column":33},"end":{"line":111,"column":53}},"line":111},"8":{"name":"(anonymous_8)","decl":{"start":{"line":113,"column":17},"end":{"line":113,"column":18}},"loc":{"start":{"line":113,"column":29},"end":{"line":113,"column":50}},"line":113}},"branchMap":{"0":{"loc":{"start":{"line":3,"column":11},"end":{"line":3,"column":102}},"type":"cond-expr","locations":[{"start":{"line":3,"column":40},"end":{"line":3,"column":95}},{"start":{"line":3,"column":98},"end":{"line":3,"column":102}}],"line":3},"1":{"loc":{"start":{"line":8,"column":4},"end":{"line":8,"column":null}},"type":"if","locations":[{"start":{"line":8,"column":4},"end":{"line":8,"column":null}},{"start":{},"end":{}}],"line":8},"2":{"loc":{"start":{"line":23,"column":23},"end":{"line":23,"column":44}},"type":"binary-expr","locations":[{"start":{"line":23,"column":23},"end":{"line":23,"column":36}},{"start":{"line":23,"column":40},"end":{"line":23,"column":44}}],"line":23},"3":{"loc":{"start":{"line":32,"column":4},"end":{"line":32,"column":null}},"type":"if","locations":[{"start":{"line":32,"column":4},"end":{"line":32,"column":null}},{"start":{},"end":{}}],"line":32},"4":{"loc":{"start":{"line":49,"column":23},"end":{"line":49,"column":44}},"type":"binary-expr","locations":[{"start":{"line":49,"column":23},"end":{"line":49,"column":36}},{"start":{"line":49,"column":40},"end":{"line":49,"column":44}}],"line":49},"5":{"loc":{"start":{"line":58,"column":4},"end":{"line":58,"column":null}},"type":"if","locations":[{"start":{"line":58,"column":4},"end":{"line":58,"column":null}},{"start":{},"end":{}}],"line":58},"6":{"loc":{"start":{"line":58,"column":8},"end":{"line":58,"column":35}},"type":"binary-expr","locations":[{"start":{"line":58,"column":8},"end":{"line":58,"column":11}},{"start":{"line":58,"column":15},"end":{"line":58,"column":35}}],"line":58},"7":{"loc":{"start":{"line":69,"column":13},"end":{"line":69,"column":32}},"type":"binary-expr","locations":[{"start":{"line":69,"column":13},"end":{"line":69,"column":26}},{"start":{"line":69,"column":30},"end":{"line":69,"column":32}}],"line":69},"8":{"loc":{"start":{"line":77,"column":4},"end":{"line":77,"column":null}},"type":"if","locations":[{"start":{"line":77,"column":4},"end":{"line":77,"column":null}},{"start":{},"end":{}}],"line":77},"9":{"loc":{"start":{"line":77,"column":8},"end":{"line":77,"column":35}},"type":"binary-expr","locations":[{"start":{"line":77,"column":8},"end":{"line":77,"column":11}},{"start":{"line":77,"column":15},"end":{"line":77,"column":35}}],"line":77},"10":{"loc":{"start":{"line":106,"column":23},"end":{"line":106,"column":44}},"type":"binary-expr","locations":[{"start":{"line":106,"column":23},"end":{"line":106,"column":36}},{"start":{"line":106,"column":40},"end":{"line":106,"column":44}}],"line":106}},"s":{"0":3,"1":0,"2":0,"3":0,"4":0,"5":0,"6":0,"7":0,"8":0,"9":0,"10":0,"11":0,"12":0,"13":0,"14":0,"15":0,"16":0,"17":0,"18":0,"19":0,"20":0,"21":0,"22":0,"23":0,"24":0,"25":0,"26":0,"27":0,"28":0,"29":0,"30":0,"31":0,"32":0,"33":0,"34":0,"35":0,"36":0,"37":0,"38":0,"39":0,"40":0,"41":0,"42":0,"43":0,"44":2,"45":2},"f":{"0":0,"1":0,"2":0,"3":0,"4":0,"5":0,"6":0,"7":0,"8":0},"b":{"0":[3,0],"1":[0,0],"2":[0,0],"3":[0,0],"4":[0,0],"5":[0,0],"6":[0,0],"7":[0,0],"8":[0,0],"9":[0,0],"10":[0,0]},"meta":{"lastBranch":11,"lastFunction":9,"lastStatement":46,"seen":{"s:1:0:1:Infinity":0,"s:3:11:3:102":1,"b:3:40:3:95:3:98:3:102":0,"f:7:8:7:23":0,"b:8:4:8:Infinity:undefined:undefined:undefined:undefined":1,"s:8:4:8:Infinity":2,"s:8:13:8:Infinity":3,"s:10:19:19:Infinity":4,"s:21:4:28:Infinity":5,"s:22:23:22:103":6,"s:23:22:23:102":7,"b:23:23:23:36:23:40:23:44":2,"s:24:6:24:Infinity":8,"s:26:6:26:Infinity":9,"s:27:6:27:Infinity":10,"f:31:8:31:23":1,"b:32:4:32:Infinity:undefined:undefined:undefined:undefined":3,"s:32:4:32:Infinity":11,"s:32:13:32:Infinity":12,"s:34:19:45:Infinity":13,"s:47:4:54:Infinity":14,"s:48:23:48:103":15,"s:49:22:49:102":16,"b:49:23:49:36:49:40:49:44":4,"s:50:6:50:Infinity":17,"s:52:6:52:Infinity":18,"s:53:6:53:Infinity":19,"f:57:8:57:24":2,"b:58:4:58:Infinity:undefined:undefined:undefined:undefined":5,"s:58:4:58:Infinity":20,"b:58:8:58:11:58:15:58:35":6,"s:58:37:58:Infinity":21,"s:60:19:65:Infinity":22,"f:62:20:62:21":3,"s:62:25:62:33":23,"s:67:4:73:Infinity":24,"s:68:23:68:103":25,"s:69:6:69:Infinity":26,"b:69:13:69:26:69:30:69:32":7,"s:71:6:71:Infinity":27,"s:72:6:72:Infinity":28,"f:76:8:76:26":4,"b:77:4:77:Infinity:undefined:undefined:undefined:undefined":8,"s:77:4:77:Infinity":29,"b:77:8:77:11:77:15:77:35":9,"s:77:37:77:Infinity":30,"s:80:29:85:7":31,"f:80:41:80:42":5,"s:80:47:85:6":32,"s:87:19:102:Infinity":33,"s:104:4:118:Infinity":34,"s:105:23:105:103":35,"s:106:22:106:102":36,"b:106:23:106:36:106:40:106:44":10,"s:107:30:107:49":37,"s:110:6:113:Infinity":38,"f:110:33:110:34":6,"s:110:48:113:8":39,"f:111:28:111:29":7,"s:111:33:111:53":40,"f:113:17:113:18":8,"s:113:29:113:50":41,"s:116:6:116:Infinity":42,"s:117:6:117:Infinity":43,"s:5:0:5:13":44,"s:122:13:122:Infinity":45},"fnNames":{}}}
,"/Users/sathvikreddy/Documents/projects/sports/backend/src/services/match.service.ts": {"path":"/Users/sathvikreddy/Documents/projects/sports/backend/src/services/match.service.ts","statementMap":{"0":{"start":{"line":1,"column":0},"end":{"line":1,"column":null}},"1":{"start":{"line":2,"column":0},"end":{"line":2,"column":null}},"2":{"start":{"line":3,"column":0},"end":{"line":3,"column":null}},"3":{"start":{"line":4,"column":0},"end":{"line":4,"column":null}},"4":{"start":{"line":8,"column":17},"end":{"line":8,"column":72}},"5":{"start":{"line":11,"column":20},"end":{"line":11,"column":81}},"6":{"start":{"line":12,"column":4},"end":{"line":14,"column":null}},"7":{"start":{"line":13,"column":6},"end":{"line":13,"column":null}},"8":{"start":{"line":16,"column":4},"end":{"line":31,"column":null}},"9":{"start":{"line":35,"column":23},"end":{"line":35,"column":25}},"10":{"start":{"line":36,"column":4},"end":{"line":36,"column":null}},"11":{"start":{"line":36,"column":23},"end":{"line":36,"column":null}},"12":{"start":{"line":37,"column":4},"end":{"line":37,"column":null}},"13":{"start":{"line":37,"column":24},"end":{"line":37,"column":null}},"14":{"start":{"line":38,"column":4},"end":{"line":38,"column":null}},"15":{"start":{"line":38,"column":29},"end":{"line":38,"column":null}},"16":{"start":{"line":40,"column":4},"end":{"line":48,"column":null}},"17":{"start":{"line":52,"column":4},"end":{"line":63,"column":null}},"18":{"start":{"line":67,"column":18},"end":{"line":67,"column":75}},"19":{"start":{"line":68,"column":4},"end":{"line":68,"column":null}},"20":{"start":{"line":68,"column":16},"end":{"line":68,"column":null}},"21":{"start":{"line":69,"column":4},"end":{"line":69,"column":null}},"22":{"start":{"line":69,"column":33},"end":{"line":69,"column":null}},"23":{"start":{"line":71,"column":21},"end":{"line":73,"column":6}},"24":{"start":{"line":74,"column":4},"end":{"line":74,"column":null}},"25":{"start":{"line":74,"column":18},"end":{"line":74,"column":null}},"26":{"start":{"line":76,"column":19},"end":{"line":78,"column":6}},"27":{"start":{"line":81,"column":4},"end":{"line":86,"column":null}},"28":{"start":{"line":88,"column":4},"end":{"line":88,"column":null}},"29":{"start":{"line":92,"column":18},"end":{"line":92,"column":75}},"30":{"start":{"line":93,"column":4},"end":{"line":93,"column":null}},"31":{"start":{"line":93,"column":49},"end":{"line":93,"column":null}},"32":{"start":{"line":95,"column":20},"end":{"line":98,"column":6}},"33":{"start":{"line":101,"column":4},"end":{"line":106,"column":null}},"34":{"start":{"line":109,"column":4},"end":{"line":114,"column":null}},"35":{"start":{"line":110,"column":28},"end":{"line":110,"column":102}},"36":{"start":{"line":111,"column":6},"end":{"line":113,"column":null}},"37":{"start":{"line":112,"column":8},"end":{"line":112,"column":null}},"38":{"start":{"line":116,"column":4},"end":{"line":116,"column":null}},"39":{"start":{"line":120,"column":18},"end":{"line":120,"column":75}},"40":{"start":{"line":121,"column":4},"end":{"line":121,"column":null}},"41":{"start":{"line":121,"column":49},"end":{"line":121,"column":null}},"42":{"start":{"line":123,"column":4},"end":{"line":123,"column":null}},"43":{"start":{"line":123,"column":56},"end":{"line":123,"column":null}},"44":{"start":{"line":125,"column":19},"end":{"line":128,"column":6}},"45":{"start":{"line":131,"column":28},"end":{"line":131,"column":55}},"46":{"start":{"line":132,"column":4},"end":{"line":135,"column":null}},"47":{"start":{"line":137,"column":4},"end":{"line":137,"column":null}},"48":{"start":{"line":141,"column":18},"end":{"line":144,"column":6}},"49":{"start":{"line":146,"column":4},"end":{"line":146,"column":null}},"50":{"start":{"line":146,"column":49},"end":{"line":146,"column":null}},"51":{"start":{"line":148,"column":20},"end":{"line":151,"column":6}},"52":{"start":{"line":154,"column":4},"end":{"line":161,"column":null}},"53":{"start":{"line":155,"column":6},"end":{"line":160,"column":null}},"54":{"start":{"line":163,"column":4},"end":{"line":163,"column":null}},"55":{"start":{"line":6,"column":0},"end":{"line":6,"column":13}},"56":{"start":{"line":167,"column":13},"end":{"line":167,"column":null}}},"fnMap":{"0":{"name":"createMatch","decl":{"start":{"line":7,"column":8},"end":{"line":7,"column":19}},"loc":{"start":{"line":7,"column":45},"end":{"line":32,"column":null}},"line":7},"1":{"name":"getMatches","decl":{"start":{"line":34,"column":8},"end":{"line":34,"column":18}},"loc":{"start":{"line":34,"column":31},"end":{"line":49,"column":null}},"line":34},"2":{"name":"getMatchById","decl":{"start":{"line":51,"column":8},"end":{"line":51,"column":20}},"loc":{"start":{"line":51,"column":31},"end":{"line":64,"column":null}},"line":51},"3":{"name":"requestToJoin","decl":{"start":{"line":66,"column":8},"end":{"line":66,"column":21}},"loc":{"start":{"line":66,"column":53},"end":{"line":89,"column":null}},"line":66},"4":{"name":"handleJoinRequest","decl":{"start":{"line":91,"column":8},"end":{"line":91,"column":25}},"loc":{"start":{"line":91,"column":115},"end":{"line":117,"column":null}},"line":91},"5":{"name":"markAttendance","decl":{"start":{"line":119,"column":8},"end":{"line":119,"column":22}},"loc":{"start":{"line":119,"column":106},"end":{"line":138,"column":null}},"line":119},"6":{"name":"cancelMatch","decl":{"start":{"line":140,"column":8},"end":{"line":140,"column":19}},"loc":{"start":{"line":140,"column":54},"end":{"line":164,"column":null}},"line":140}},"branchMap":{"0":{"loc":{"start":{"line":8,"column":17},"end":{"line":8,"column":72}},"type":"cond-expr","locations":[{"start":{"line":8,"column":38},"end":{"line":8,"column":68}},{"start":{"line":8,"column":71},"end":{"line":8,"column":72}}],"line":8},"1":{"loc":{"start":{"line":12,"column":4},"end":{"line":14,"column":null}},"type":"if","locations":[{"start":{"line":12,"column":4},"end":{"line":14,"column":null}},{"start":{},"end":{}}],"line":12},"2":{"loc":{"start":{"line":25,"column":23},"end":{"line":25,"column":81}},"type":"cond-expr","locations":[{"start":{"line":25,"column":44},"end":{"line":25,"column":74}},{"start":{"line":25,"column":77},"end":{"line":25,"column":81}}],"line":25},"3":{"loc":{"start":{"line":26,"column":20},"end":{"line":26,"column":44}},"type":"binary-expr","locations":[{"start":{"line":26,"column":20},"end":{"line":26,"column":35}},{"start":{"line":26,"column":39},"end":{"line":26,"column":44}}],"line":26},"4":{"loc":{"start":{"line":28,"column":21},"end":{"line":28,"column":45}},"type":"binary-expr","locations":[{"start":{"line":28,"column":21},"end":{"line":28,"column":37}},{"start":{"line":28,"column":41},"end":{"line":28,"column":45}}],"line":28},"5":{"loc":{"start":{"line":36,"column":4},"end":{"line":36,"column":null}},"type":"if","locations":[{"start":{"line":36,"column":4},"end":{"line":36,"column":null}},{"start":{},"end":{}}],"line":36},"6":{"loc":{"start":{"line":37,"column":4},"end":{"line":37,"column":null}},"type":"if","locations":[{"start":{"line":37,"column":4},"end":{"line":37,"column":null}},{"start":{},"end":{}}],"line":37},"7":{"loc":{"start":{"line":38,"column":4},"end":{"line":38,"column":null}},"type":"if","locations":[{"start":{"line":38,"column":4},"end":{"line":38,"column":null}},{"start":{},"end":{}}],"line":38},"8":{"loc":{"start":{"line":68,"column":4},"end":{"line":68,"column":null}},"type":"if","locations":[{"start":{"line":68,"column":4},"end":{"line":68,"column":null}},{"start":{},"end":{}}],"line":68},"9":{"loc":{"start":{"line":69,"column":4},"end":{"line":69,"column":null}},"type":"if","locations":[{"start":{"line":69,"column":4},"end":{"line":69,"column":null}},{"start":{},"end":{}}],"line":69},"10":{"loc":{"start":{"line":74,"column":4},"end":{"line":74,"column":null}},"type":"if","locations":[{"start":{"line":74,"column":4},"end":{"line":74,"column":null}},{"start":{},"end":{}}],"line":74},"11":{"loc":{"start":{"line":93,"column":4},"end":{"line":93,"column":null}},"type":"if","locations":[{"start":{"line":93,"column":4},"end":{"line":93,"column":null}},{"start":{},"end":{}}],"line":93},"12":{"loc":{"start":{"line":93,"column":8},"end":{"line":93,"column":47}},"type":"binary-expr","locations":[{"start":{"line":93,"column":8},"end":{"line":93,"column":14}},{"start":{"line":93,"column":18},"end":{"line":93,"column":47}}],"line":93},"13":{"loc":{"start":{"line":103,"column":12},"end":{"line":103,"column":69}},"type":"cond-expr","locations":[{"start":{"line":103,"column":36},"end":{"line":103,"column":51}},{"start":{"line":103,"column":54},"end":{"line":103,"column":69}}],"line":103},"14":{"loc":{"start":{"line":109,"column":4},"end":{"line":114,"column":null}},"type":"if","locations":[{"start":{"line":109,"column":4},"end":{"line":114,"column":null}},{"start":{},"end":{}}],"line":109},"15":{"loc":{"start":{"line":111,"column":6},"end":{"line":113,"column":null}},"type":"if","locations":[{"start":{"line":111,"column":6},"end":{"line":113,"column":null}},{"start":{},"end":{}}],"line":111},"16":{"loc":{"start":{"line":121,"column":4},"end":{"line":121,"column":null}},"type":"if","locations":[{"start":{"line":121,"column":4},"end":{"line":121,"column":null}},{"start":{},"end":{}}],"line":121},"17":{"loc":{"start":{"line":121,"column":8},"end":{"line":121,"column":47}},"type":"binary-expr","locations":[{"start":{"line":121,"column":8},"end":{"line":121,"column":14}},{"start":{"line":121,"column":18},"end":{"line":121,"column":47}}],"line":121},"18":{"loc":{"start":{"line":123,"column":4},"end":{"line":123,"column":null}},"type":"if","locations":[{"start":{"line":123,"column":4},"end":{"line":123,"column":null}},{"start":{},"end":{}}],"line":123},"19":{"loc":{"start":{"line":123,"column":8},"end":{"line":123,"column":54}},"type":"binary-expr","locations":[{"start":{"line":123,"column":8},"end":{"line":123,"column":29}},{"start":{"line":123,"column":33},"end":{"line":123,"column":54}}],"line":123},"20":{"loc":{"start":{"line":146,"column":4},"end":{"line":146,"column":null}},"type":"if","locations":[{"start":{"line":146,"column":4},"end":{"line":146,"column":null}},{"start":{},"end":{}}],"line":146},"21":{"loc":{"start":{"line":146,"column":8},"end":{"line":146,"column":47}},"type":"binary-expr","locations":[{"start":{"line":146,"column":8},"end":{"line":146,"column":14}},{"start":{"line":146,"column":18},"end":{"line":146,"column":47}}],"line":146}},"s":{"0":1,"1":1,"2":1,"3":1,"4":1,"5":1,"6":1,"7":0,"8":1,"9":0,"10":0,"11":0,"12":0,"13":0,"14":0,"15":0,"16":0,"17":0,"18":0,"19":0,"20":0,"21":0,"22":0,"23":0,"24":0,"25":0,"26":0,"27":0,"28":0,"29":1,"30":1,"31":0,"32":1,"33":1,"34":1,"35":1,"36":1,"37":0,"38":1,"39":0,"40":0,"41":0,"42":0,"43":0,"44":0,"45":0,"46":0,"47":0,"48":0,"49":0,"50":0,"51":0,"52":0,"53":0,"54":0,"55":1,"56":1},"f":{"0":1,"1":0,"2":0,"3":0,"4":1,"5":0,"6":0},"b":{"0":[0,1],"1":[0,1],"2":[0,1],"3":[1,1],"4":[1,1],"5":[0,0],"6":[0,0],"7":[0,0],"8":[0,0],"9":[0,0],"10":[0,0],"11":[0,1],"12":[1,1],"13":[1,0],"14":[1,0],"15":[0,1],"16":[0,0],"17":[0,0],"18":[0,0],"19":[0,0],"20":[0,0],"21":[0,0]},"meta":{"lastBranch":22,"lastFunction":7,"lastStatement":57,"seen":{"s:1:0:1:Infinity":0,"s:2:0:2:Infinity":1,"s:3:0:3:Infinity":2,"s:4:0:4:Infinity":3,"f:7:8:7:19":0,"s:8:17:8:72":4,"b:8:38:8:68:8:71:8:72":0,"s:11:20:11:81":5,"b:12:4:14:Infinity:undefined:undefined:undefined:undefined":1,"s:12:4:14:Infinity":6,"s:13:6:13:Infinity":7,"s:16:4:31:Infinity":8,"b:25:44:25:74:25:77:25:81":2,"b:26:20:26:35:26:39:26:44":3,"b:28:21:28:37:28:41:28:45":4,"f:34:8:34:18":1,"s:35:23:35:25":9,"b:36:4:36:Infinity:undefined:undefined:undefined:undefined":5,"s:36:4:36:Infinity":10,"s:36:23:36:Infinity":11,"b:37:4:37:Infinity:undefined:undefined:undefined:undefined":6,"s:37:4:37:Infinity":12,"s:37:24:37:Infinity":13,"b:38:4:38:Infinity:undefined:undefined:undefined:undefined":7,"s:38:4:38:Infinity":14,"s:38:29:38:Infinity":15,"s:40:4:48:Infinity":16,"f:51:8:51:20":2,"s:52:4:63:Infinity":17,"f:66:8:66:21":3,"s:67:18:67:75":18,"b:68:4:68:Infinity:undefined:undefined:undefined:undefined":8,"s:68:4:68:Infinity":19,"s:68:16:68:Infinity":20,"b:69:4:69:Infinity:undefined:undefined:undefined:undefined":9,"s:69:4:69:Infinity":21,"s:69:33:69:Infinity":22,"s:71:21:73:6":23,"b:74:4:74:Infinity:undefined:undefined:undefined:undefined":10,"s:74:4:74:Infinity":24,"s:74:18:74:Infinity":25,"s:76:19:78:6":26,"s:81:4:86:Infinity":27,"s:88:4:88:Infinity":28,"f:91:8:91:25":4,"s:92:18:92:75":29,"b:93:4:93:Infinity:undefined:undefined:undefined:undefined":11,"s:93:4:93:Infinity":30,"b:93:8:93:14:93:18:93:47":12,"s:93:49:93:Infinity":31,"s:95:20:98:6":32,"s:101:4:106:Infinity":33,"b:103:36:103:51:103:54:103:69":13,"b:109:4:114:Infinity:undefined:undefined:undefined:undefined":14,"s:109:4:114:Infinity":34,"s:110:28:110:102":35,"b:111:6:113:Infinity:undefined:undefined:undefined:undefined":15,"s:111:6:113:Infinity":36,"s:112:8:112:Infinity":37,"s:116:4:116:Infinity":38,"f:119:8:119:22":5,"s:120:18:120:75":39,"b:121:4:121:Infinity:undefined:undefined:undefined:undefined":16,"s:121:4:121:Infinity":40,"b:121:8:121:14:121:18:121:47":17,"s:121:49:121:Infinity":41,"b:123:4:123:Infinity:undefined:undefined:undefined:undefined":18,"s:123:4:123:Infinity":42,"b:123:8:123:29:123:33:123:54":19,"s:123:56:123:Infinity":43,"s:125:19:128:6":44,"s:131:28:131:55":45,"s:132:4:135:Infinity":46,"s:137:4:137:Infinity":47,"f:140:8:140:19":6,"s:141:18:144:6":48,"b:146:4:146:Infinity:undefined:undefined:undefined:undefined":20,"s:146:4:146:Infinity":49,"b:146:8:146:14:146:18:146:47":21,"s:146:49:146:Infinity":50,"s:148:20:151:6":51,"s:154:4:161:Infinity":52,"s:155:6:160:Infinity":53,"s:163:4:163:Infinity":54,"s:6:0:6:13":55,"s:167:13:167:Infinity":56},"fnNames":{}}}
,"/Users/sathvikreddy/Documents/projects/sports/backend/src/services/notification.service.ts": {"path":"/Users/sathvikreddy/Documents/projects/sports/backend/src/services/notification.service.ts","statementMap":{"0":{"start":{"line":1,"column":0},"end":{"line":1,"column":null}},"1":{"start":{"line":6,"column":4},"end":{"line":9,"column":null}},"2":{"start":{"line":13,"column":4},"end":{"line":17,"column":null}},"3":{"start":{"line":22,"column":25},"end":{"line":24,"column":6}},"4":{"start":{"line":26,"column":4},"end":{"line":28,"column":null}},"5":{"start":{"line":27,"column":6},"end":{"line":27,"column":null}},"6":{"start":{"line":30,"column":4},"end":{"line":33,"column":null}},"7":{"start":{"line":37,"column":4},"end":{"line":40,"column":null}},"8":{"start":{"line":45,"column":4},"end":{"line":47,"column":null}},"9":{"start":{"line":4,"column":0},"end":{"line":4,"column":13}},"10":{"start":{"line":51,"column":13},"end":{"line":51,"column":null}}},"fnMap":{"0":{"name":"getUnreadNotifications","decl":{"start":{"line":5,"column":8},"end":{"line":5,"column":30}},"loc":{"start":{"line":5,"column":45},"end":{"line":10,"column":null}},"line":5},"1":{"name":"getAllNotifications","decl":{"start":{"line":12,"column":8},"end":{"line":12,"column":27}},"loc":{"start":{"line":12,"column":42},"end":{"line":18,"column":null}},"line":12},"2":{"name":"markAsRead","decl":{"start":{"line":20,"column":8},"end":{"line":20,"column":18}},"loc":{"start":{"line":20,"column":57},"end":{"line":34,"column":null}},"line":20},"3":{"name":"markAllAsRead","decl":{"start":{"line":36,"column":8},"end":{"line":36,"column":21}},"loc":{"start":{"line":36,"column":36},"end":{"line":41,"column":null}},"line":36},"4":{"name":"createNotification","decl":{"start":{"line":44,"column":8},"end":{"line":44,"column":26}},"loc":{"start":{"line":44,"column":107},"end":{"line":48,"column":null}},"line":44}},"branchMap":{"0":{"loc":{"start":{"line":26,"column":4},"end":{"line":28,"column":null}},"type":"if","locations":[{"start":{"line":26,"column":4},"end":{"line":28,"column":null}},{"start":{},"end":{}}],"line":26},"1":{"loc":{"start":{"line":26,"column":8},"end":{"line":26,"column":55}},"type":"binary-expr","locations":[{"start":{"line":26,"column":8},"end":{"line":26,"column":21}},{"start":{"line":26,"column":25},"end":{"line":26,"column":55}}],"line":26}},"s":{"0":0,"1":0,"2":0,"3":0,"4":0,"5":0,"6":0,"7":0,"8":0,"9":1,"10":1},"f":{"0":0,"1":0,"2":0,"3":0,"4":0},"b":{"0":[0,0],"1":[0,0]},"meta":{"lastBranch":2,"lastFunction":5,"lastStatement":11,"seen":{"s:1:0:1:Infinity":0,"f:5:8:5:30":0,"s:6:4:9:Infinity":1,"f:12:8:12:27":1,"s:13:4:17:Infinity":2,"f:20:8:20:18":2,"s:22:25:24:6":3,"b:26:4:28:Infinity:undefined:undefined:undefined:undefined":0,"s:26:4:28:Infinity":4,"b:26:8:26:21:26:25:26:55":1,"s:27:6:27:Infinity":5,"s:30:4:33:Infinity":6,"f:36:8:36:21":3,"s:37:4:40:Infinity":7,"f:44:8:44:26":4,"s:45:4:47:Infinity":8,"s:4:0:4:13":9,"s:51:13:51:Infinity":10},"fnNames":{}}}
,"/Users/sathvikreddy/Documents/projects/sports/backend/src/services/post.service.ts": {"path":"/Users/sathvikreddy/Documents/projects/sports/backend/src/services/post.service.ts","statementMap":{"0":{"start":{"line":1,"column":0},"end":{"line":1,"column":null}},"1":{"start":{"line":2,"column":0},"end":{"line":2,"column":null}},"2":{"start":{"line":3,"column":0},"end":{"line":3,"column":null}},"3":{"start":{"line":4,"column":0},"end":{"line":4,"column":null}},"4":{"start":{"line":8,"column":23},"end":{"line":8,"column":25}},"5":{"start":{"line":9,"column":4},"end":{"line":9,"column":null}},"6":{"start":{"line":9,"column":22},"end":{"line":9,"column":null}},"7":{"start":{"line":10,"column":4},"end":{"line":10,"column":null}},"8":{"start":{"line":10,"column":29},"end":{"line":10,"column":null}},"9":{"start":{"line":11,"column":4},"end":{"line":11,"column":null}},"10":{"start":{"line":11,"column":26},"end":{"line":11,"column":null}},"11":{"start":{"line":13,"column":18},"end":{"line":26,"column":6}},"12":{"start":{"line":28,"column":41},"end":{"line":28,"column":50}},"13":{"start":{"line":29,"column":4},"end":{"line":32,"column":null}},"14":{"start":{"line":30,"column":23},"end":{"line":30,"column":34}},"15":{"start":{"line":31,"column":6},"end":{"line":31,"column":null}},"16":{"start":{"line":34,"column":4},"end":{"line":34,"column":null}},"17":{"start":{"line":38,"column":17},"end":{"line":56,"column":6}},"18":{"start":{"line":57,"column":4},"end":{"line":57,"column":null}},"19":{"start":{"line":61,"column":4},"end":{"line":63,"column":null}},"20":{"start":{"line":62,"column":6},"end":{"line":62,"column":null}},"21":{"start":{"line":65,"column":20},"end":{"line":65,"column":65}},"22":{"start":{"line":66,"column":4},"end":{"line":68,"column":null}},"23":{"start":{"line":67,"column":6},"end":{"line":67,"column":null}},"24":{"start":{"line":69,"column":4},"end":{"line":71,"column":null}},"25":{"start":{"line":70,"column":6},"end":{"line":70,"column":null}},"26":{"start":{"line":73,"column":4},"end":{"line":81,"column":null}},"27":{"start":{"line":85,"column":17},"end":{"line":85,"column":72}},"28":{"start":{"line":86,"column":4},"end":{"line":86,"column":null}},"29":{"start":{"line":86,"column":15},"end":{"line":86,"column":null}},"30":{"start":{"line":87,"column":4},"end":{"line":87,"column":null}},"31":{"start":{"line":87,"column":34},"end":{"line":87,"column":null}},"32":{"start":{"line":89,"column":4},"end":{"line":91,"column":null}},"33":{"start":{"line":90,"column":6},"end":{"line":90,"column":null}},"34":{"start":{"line":93,"column":4},"end":{"line":96,"column":null}},"35":{"start":{"line":100,"column":17},"end":{"line":100,"column":72}},"36":{"start":{"line":101,"column":4},"end":{"line":101,"column":null}},"37":{"start":{"line":101,"column":15},"end":{"line":101,"column":null}},"38":{"start":{"line":103,"column":4},"end":{"line":105,"column":null}},"39":{"start":{"line":104,"column":6},"end":{"line":104,"column":null}},"40":{"start":{"line":107,"column":4},"end":{"line":107,"column":null}},"41":{"start":{"line":111,"column":25},"end":{"line":113,"column":6}},"42":{"start":{"line":115,"column":4},"end":{"line":121,"column":null}},"43":{"start":{"line":116,"column":6},"end":{"line":116,"column":null}},"44":{"start":{"line":117,"column":6},"end":{"line":117,"column":null}},"45":{"start":{"line":119,"column":6},"end":{"line":119,"column":null}},"46":{"start":{"line":120,"column":6},"end":{"line":120,"column":null}},"47":{"start":{"line":125,"column":25},"end":{"line":127,"column":6}},"48":{"start":{"line":129,"column":4},"end":{"line":135,"column":null}},"49":{"start":{"line":130,"column":6},"end":{"line":130,"column":null}},"50":{"start":{"line":131,"column":6},"end":{"line":131,"column":null}},"51":{"start":{"line":133,"column":6},"end":{"line":133,"column":null}},"52":{"start":{"line":134,"column":6},"end":{"line":134,"column":null}},"53":{"start":{"line":6,"column":0},"end":{"line":6,"column":13}},"54":{"start":{"line":139,"column":13},"end":{"line":139,"column":null}}},"fnMap":{"0":{"name":"getPosts","decl":{"start":{"line":7,"column":8},"end":{"line":7,"column":16}},"loc":{"start":{"line":7,"column":121},"end":{"line":35,"column":null}},"line":7},"1":{"name":"getPostById","decl":{"start":{"line":37,"column":8},"end":{"line":37,"column":19}},"loc":{"start":{"line":37,"column":51},"end":{"line":58,"column":null}},"line":37},"2":{"name":"createPost","decl":{"start":{"line":60,"column":8},"end":{"line":60,"column":18}},"loc":{"start":{"line":60,"column":113},"end":{"line":82,"column":null}},"line":60},"3":{"name":"updatePost","decl":{"start":{"line":84,"column":8},"end":{"line":84,"column":18}},"loc":{"start":{"line":84,"column":66},"end":{"line":97,"column":null}},"line":84},"4":{"name":"deletePost","decl":{"start":{"line":99,"column":8},"end":{"line":99,"column":18}},"loc":{"start":{"line":99,"column":67},"end":{"line":108,"column":null}},"line":99},"5":{"name":"toggleLike","decl":{"start":{"line":110,"column":8},"end":{"line":110,"column":18}},"loc":{"start":{"line":110,"column":49},"end":{"line":122,"column":null}},"line":110},"6":{"name":"toggleSave","decl":{"start":{"line":124,"column":8},"end":{"line":124,"column":18}},"loc":{"start":{"line":124,"column":49},"end":{"line":136,"column":null}},"line":124}},"branchMap":{"0":{"loc":{"start":{"line":7,"column":103},"end":{"line":7,"column":121}},"type":"default-arg","locations":[{"start":{"line":7,"column":119},"end":{"line":7,"column":121}}],"line":7},"1":{"loc":{"start":{"line":9,"column":4},"end":{"line":9,"column":null}},"type":"if","locations":[{"start":{"line":9,"column":4},"end":{"line":9,"column":null}},{"start":{},"end":{}}],"line":9},"2":{"loc":{"start":{"line":10,"column":4},"end":{"line":10,"column":null}},"type":"if","locations":[{"start":{"line":10,"column":4},"end":{"line":10,"column":null}},{"start":{},"end":{}}],"line":10},"3":{"loc":{"start":{"line":11,"column":4},"end":{"line":11,"column":null}},"type":"if","locations":[{"start":{"line":11,"column":4},"end":{"line":11,"column":null}},{"start":{},"end":{}}],"line":11},"4":{"loc":{"start":{"line":16,"column":14},"end":{"line":16,"column":49}},"type":"cond-expr","locations":[{"start":{"line":16,"column":23},"end":{"line":16,"column":37}},{"start":{"line":16,"column":40},"end":{"line":16,"column":49}}],"line":16},"5":{"loc":{"start":{"line":29,"column":4},"end":{"line":32,"column":null}},"type":"if","locations":[{"start":{"line":29,"column":4},"end":{"line":32,"column":null}},{"start":{},"end":{}}],"line":29},"6":{"loc":{"start":{"line":51,"column":12},"end":{"line":54,"column":10}},"type":"binary-expr","locations":[{"start":{"line":51,"column":12},"end":{"line":51,"column":18}},{"start":{"line":51,"column":22},"end":{"line":54,"column":10}}],"line":51},"7":{"loc":{"start":{"line":61,"column":4},"end":{"line":63,"column":null}},"type":"if","locations":[{"start":{"line":61,"column":4},"end":{"line":63,"column":null}},{"start":{},"end":{}}],"line":61},"8":{"loc":{"start":{"line":66,"column":4},"end":{"line":68,"column":null}},"type":"if","locations":[{"start":{"line":66,"column":4},"end":{"line":68,"column":null}},{"start":{},"end":{}}],"line":66},"9":{"loc":{"start":{"line":69,"column":4},"end":{"line":71,"column":null}},"type":"if","locations":[{"start":{"line":69,"column":4},"end":{"line":71,"column":null}},{"start":{},"end":{}}],"line":69},"10":{"loc":{"start":{"line":77,"column":14},"end":{"line":77,"column":43}},"type":"binary-expr","locations":[{"start":{"line":77,"column":14},"end":{"line":77,"column":23}},{"start":{"line":77,"column":27},"end":{"line":77,"column":43}}],"line":77},"11":{"loc":{"start":{"line":79,"column":14},"end":{"line":79,"column":29}},"type":"binary-expr","locations":[{"start":{"line":79,"column":14},"end":{"line":79,"column":23}},{"start":{"line":79,"column":27},"end":{"line":79,"column":29}}],"line":79},"12":{"loc":{"start":{"line":86,"column":4},"end":{"line":86,"column":null}},"type":"if","locations":[{"start":{"line":86,"column":4},"end":{"line":86,"column":null}},{"start":{},"end":{}}],"line":86},"13":{"loc":{"start":{"line":87,"column":4},"end":{"line":87,"column":null}},"type":"if","locations":[{"start":{"line":87,"column":4},"end":{"line":87,"column":null}},{"start":{},"end":{}}],"line":87},"14":{"loc":{"start":{"line":89,"column":4},"end":{"line":91,"column":null}},"type":"if","locations":[{"start":{"line":89,"column":4},"end":{"line":91,"column":null}},{"start":{},"end":{}}],"line":89},"15":{"loc":{"start":{"line":101,"column":4},"end":{"line":101,"column":null}},"type":"if","locations":[{"start":{"line":101,"column":4},"end":{"line":101,"column":null}},{"start":{},"end":{}}],"line":101},"16":{"loc":{"start":{"line":103,"column":4},"end":{"line":105,"column":null}},"type":"if","locations":[{"start":{"line":103,"column":4},"end":{"line":105,"column":null}},{"start":{},"end":{}}],"line":103},"17":{"loc":{"start":{"line":103,"column":8},"end":{"line":103,"column":56}},"type":"binary-expr","locations":[{"start":{"line":103,"column":8},"end":{"line":103,"column":32}},{"start":{"line":103,"column":36},"end":{"line":103,"column":56}}],"line":103},"18":{"loc":{"start":{"line":115,"column":4},"end":{"line":121,"column":null}},"type":"if","locations":[{"start":{"line":115,"column":4},"end":{"line":121,"column":null}},{"start":{"line":118,"column":11},"end":{"line":121,"column":null}}],"line":115},"19":{"loc":{"start":{"line":129,"column":4},"end":{"line":135,"column":null}},"type":"if","locations":[{"start":{"line":129,"column":4},"end":{"line":135,"column":null}},{"start":{"line":132,"column":11},"end":{"line":135,"column":null}}],"line":129}},"s":{"0":1,"1":1,"2":1,"3":1,"4":1,"5":1,"6":0,"7":1,"8":0,"9":1,"10":1,"11":1,"12":1,"13":1,"14":1,"15":1,"16":1,"17":0,"18":0,"19":4,"20":1,"21":3,"22":3,"23":0,"24":3,"25":0,"26":3,"27":0,"28":0,"29":0,"30":0,"31":0,"32":0,"33":0,"34":0,"35":0,"36":0,"37":0,"38":0,"39":0,"40":0,"41":0,"42":0,"43":0,"44":0,"45":0,"46":0,"47":0,"48":0,"49":0,"50":0,"51":0,"52":0,"53":1,"54":1},"f":{"0":1,"1":0,"2":4,"3":0,"4":0,"5":0,"6":0},"b":{"0":[1],"1":[0,1],"2":[0,1],"3":[1,0],"4":[0,1],"5":[1,0],"6":[0,0],"7":[1,3],"8":[0,3],"9":[0,3],"10":[3,3],"11":[4,3],"12":[0,0],"13":[0,0],"14":[0,0],"15":[0,0],"16":[0,0],"17":[0,0],"18":[0,0],"19":[0,0]},"meta":{"lastBranch":20,"lastFunction":7,"lastStatement":55,"seen":{"s:1:0:1:Infinity":0,"s:2:0:2:Infinity":1,"s:3:0:3:Infinity":2,"s:4:0:4:Infinity":3,"f:7:8:7:16":0,"b:7:119:7:121":0,"s:8:23:8:25":4,"b:9:4:9:Infinity:undefined:undefined:undefined:undefined":1,"s:9:4:9:Infinity":5,"s:9:22:9:Infinity":6,"b:10:4:10:Infinity:undefined:undefined:undefined:undefined":2,"s:10:4:10:Infinity":7,"s:10:29:10:Infinity":8,"b:11:4:11:Infinity:undefined:undefined:undefined:undefined":3,"s:11:4:11:Infinity":9,"s:11:26:11:Infinity":10,"s:13:18:26:6":11,"b:16:23:16:37:16:40:16:49":4,"s:28:41:28:50":12,"b:29:4:32:Infinity:undefined:undefined:undefined:undefined":5,"s:29:4:32:Infinity":13,"s:30:23:30:34":14,"s:31:6:31:Infinity":15,"s:34:4:34:Infinity":16,"f:37:8:37:19":1,"s:38:17:56:6":17,"b:51:12:51:18:51:22:54:10":6,"s:57:4:57:Infinity":18,"f:60:8:60:18":2,"b:61:4:63:Infinity:undefined:undefined:undefined:undefined":7,"s:61:4:63:Infinity":19,"s:62:6:62:Infinity":20,"s:65:20:65:65":21,"b:66:4:68:Infinity:undefined:undefined:undefined:undefined":8,"s:66:4:68:Infinity":22,"s:67:6:67:Infinity":23,"b:69:4:71:Infinity:undefined:undefined:undefined:undefined":9,"s:69:4:71:Infinity":24,"s:70:6:70:Infinity":25,"s:73:4:81:Infinity":26,"b:77:14:77:23:77:27:77:43":10,"b:79:14:79:23:79:27:79:29":11,"f:84:8:84:18":3,"s:85:17:85:72":27,"b:86:4:86:Infinity:undefined:undefined:undefined:undefined":12,"s:86:4:86:Infinity":28,"s:86:15:86:Infinity":29,"b:87:4:87:Infinity:undefined:undefined:undefined:undefined":13,"s:87:4:87:Infinity":30,"s:87:34:87:Infinity":31,"b:89:4:91:Infinity:undefined:undefined:undefined:undefined":14,"s:89:4:91:Infinity":32,"s:90:6:90:Infinity":33,"s:93:4:96:Infinity":34,"f:99:8:99:18":4,"s:100:17:100:72":35,"b:101:4:101:Infinity:undefined:undefined:undefined:undefined":15,"s:101:4:101:Infinity":36,"s:101:15:101:Infinity":37,"b:103:4:105:Infinity:undefined:undefined:undefined:undefined":16,"s:103:4:105:Infinity":38,"b:103:8:103:32:103:36:103:56":17,"s:104:6:104:Infinity":39,"s:107:4:107:Infinity":40,"f:110:8:110:18":5,"s:111:25:113:6":41,"b:115:4:121:Infinity:118:11:121:Infinity":18,"s:115:4:121:Infinity":42,"s:116:6:116:Infinity":43,"s:117:6:117:Infinity":44,"s:119:6:119:Infinity":45,"s:120:6:120:Infinity":46,"f:124:8:124:18":6,"s:125:25:127:6":47,"b:129:4:135:Infinity:132:11:135:Infinity":19,"s:129:4:135:Infinity":48,"s:130:6:130:Infinity":49,"s:131:6:131:Infinity":50,"s:133:6:133:Infinity":51,"s:134:6:134:Infinity":52,"s:6:0:6:13":53,"s:139:13:139:Infinity":54},"fnNames":{}}}
,"/Users/sathvikreddy/Documents/projects/sports/backend/src/utils/db.ts": {"path":"/Users/sathvikreddy/Documents/projects/sports/backend/src/utils/db.ts","statementMap":{"0":{"start":{"line":1,"column":0},"end":{"line":1,"column":null}},"1":{"start":{"line":2,"column":0},"end":{"line":2,"column":null}},"2":{"start":{"line":3,"column":0},"end":{"line":3,"column":null}},"3":{"start":{"line":5,"column":0},"end":{"line":5,"column":null}},"4":{"start":{"line":6,"column":17},"end":{"line":6,"column":44}},"5":{"start":{"line":7,"column":13},"end":{"line":7,"column":35}},"6":{"start":{"line":8,"column":15},"end":{"line":8,"column":null}},"7":{"start":{"line":10,"column":0},"end":{"line":10,"column":null}}},"fnMap":{},"branchMap":{},"s":{"0":2,"1":2,"2":2,"3":2,"4":2,"5":2,"6":2,"7":2},"f":{},"b":{},"meta":{"lastBranch":0,"lastFunction":0,"lastStatement":8,"seen":{"s:1:0:1:Infinity":0,"s:2:0:2:Infinity":1,"s:3:0:3:Infinity":2,"s:5:0:5:Infinity":3,"s:6:17:6:44":4,"s:7:13:7:35":5,"s:8:15:8:Infinity":6,"s:10:0:10:Infinity":7},"fnNames":{}}}
,"/Users/sathvikreddy/Documents/projects/sports/backend/src/utils/fraudDetection.ts": {"path":"/Users/sathvikreddy/Documents/projects/sports/backend/src/utils/fraudDetection.ts","statementMap":{"0":{"start":{"line":1,"column":0},"end":{"line":1,"column":null}},"1":{"start":{"line":4,"column":22},"end":{"line":6,"column":null}},"2":{"start":{"line":13,"column":25},"end":{"line":13,"column":46}},"3":{"start":{"line":14,"column":4},"end":{"line":18,"column":null}},"4":{"start":{"line":15,"column":6},"end":{"line":17,"column":null}},"5":{"start":{"line":16,"column":8},"end":{"line":16,"column":null}},"6":{"start":{"line":19,"column":4},"end":{"line":19,"column":null}},"7":{"start":{"line":27,"column":23},"end":{"line":27,"column":60}},"8":{"start":{"line":29,"column":28},"end":{"line":37,"column":6}},"9":{"start":{"line":39,"column":4},"end":{"line":39,"column":null}},"10":{"start":{"line":8,"column":0},"end":{"line":8,"column":13}}},"fnMap":{"0":{"name":"containsProfanityOrSpam","decl":{"start":{"line":12,"column":9},"end":{"line":12,"column":32}},"loc":{"start":{"line":12,"column":48},"end":{"line":20,"column":null}},"line":12},"1":{"name":"isDuplicatePost","decl":{"start":{"line":25,"column":15},"end":{"line":25,"column":30}},"loc":{"start":{"line":25,"column":62},"end":{"line":40,"column":null}},"line":25}},"branchMap":{"0":{"loc":{"start":{"line":15,"column":6},"end":{"line":17,"column":null}},"type":"if","locations":[{"start":{"line":15,"column":6},"end":{"line":17,"column":null}},{"start":{},"end":{}}],"line":15}},"s":{"0":1,"1":1,"2":4,"3":4,"4":19,"5":1,"6":3,"7":3,"8":3,"9":3,"10":1},"f":{"0":1,"1":1},"b":{"0":[1,18]},"meta":{"lastBranch":1,"lastFunction":2,"lastStatement":11,"seen":{"s:1:0:1:Infinity":0,"s:4:22:6:Infinity":1,"f:12:9:12:32":0,"s:13:25:13:46":2,"s:14:4:18:Infinity":3,"b:15:6:17:Infinity:undefined:undefined:undefined:undefined":0,"s:15:6:17:Infinity":4,"s:16:8:16:Infinity":5,"s:19:4:19:Infinity":6,"f:25:15:25:30":1,"s:27:23:27:60":7,"s:29:28:37:6":8,"s:39:4:39:Infinity":9,"s:8:0:8:13":10},"fnNames":{}}}
}
